{
  "addedItems": [
    {
      "kind": "segment",
      "layers": [
        3,
        3
      ],
      "net": "/{slash}PCWR",
      "shape": {
        "end": {
          "x": 171704000,
          "y": 130048000
        },
        "start": {
          "x": 163195000,
          "y": 130048000
        },
        "type": "segment",
        "width": 200000
      }
    },
    {
      "kind": "segment",
      "layers": [
        3,
        3
      ],
      "net": "/{slash}PCWR",
      "shape": {
        "end": {
          "x": 161671000,
          "y": 122174000
        },
        "start": {
          "x": 159258000,
          "y": 119761000
        },
        "type": "segment",
        "width": 200000
      }
    },
    {
      "kind": "segment",
      "layers": [
        3,
        3
      ],
      "net": "/BE-2",
      "shape": {
        "end": {
          "x": 151765000,
          "y": 85344000
        },
        "start": {
          "x": 150317000,
          "y": 83896000
        },
        "type": "segment",
        "width": 200000
      }
    },
    {
      "kind": "segment",
      "layers": [
        3,
        3
      ],
      "net": "/BE-2",
      "shape": {
        "end": {
          "x": 151765000,
          "y": 108204000
        },
        "start": {
          "x": 151765000,
          "y": 85344000
        },
        "type": "segment",
        "width": 200000
      }
    },
    {
      "kind": "segment",
      "layers": [
        3,
        3
      ],
      "net": "/BE-2",
      "shape": {
        "end": {
          "x": 152400000,
          "y": 108839000
        },
        "start": {
          "x": 151765000,
          "y": 108204000
        },
        "type": "segment",
        "width": 200000
      }
    },
    {
      "kind": "segment",
      "layers": [
        3,
        3
      ],
      "net": "/{slash}PCRD",
      "shape": {
        "end": {
          "x": 153924000,
          "y": 108077000
        },
        "start": {
          "x": 153289000,
          "y": 107442000
        },
        "type": "segment",
        "width": 200000
      }
    },
    {
      "kind": "segment",
      "layers": [
        3,
        3
      ],
      "net": "/{slash}PCWR",
      "shape": {
        "end": {
          "x": 163195000,
          "y": 130048000
        },
        "start": {
          "x": 161671000,
          "y": 128524000
        },
        "type": "segment",
        "width": 200000
      }
    },
    {
      "kind": "segment",
      "layers": [
        3,
        3
      ],
      "net": "/{slash}PCRD",
      "shape": {
        "end": {
          "x": 151022000,
          "y": 82696000
        },
        "start": {
          "x": 135363000,
          "y": 82696000
        },
        "type": "segment",
        "width": 200000
      }
    },
    {
      "kind": "segment",
      "layers": [
        3,
        3
      ],
      "net": "/BE-1",
      "shape": {
        "end": {
          "x": 152273000,
          "y": 112903000
        },
        "start": {
          "x": 152273000,
          "y": 115697000
        },
        "type": "segment",
        "width": 200000
      }
    },
    {
      "kind": "segment",
      "layers": [
        3,
        3
      ],
      "net": "/BE-1",
      "shape": {
        "end": {
          "x": 151892000,
          "y": 112522000
        },
        "start": {
          "x": 152273000,
          "y": 112903000
        },
        "type": "segment",
        "width": 200000
      }
    },
    {
      "kind": "segment",
      "layers": [
        3,
        3
      ],
      "net": "/{slash}PCWR",
      "shape": {
        "end": {
          "x": 154813000,
          "y": 112268000
        },
        "start": {
          "x": 154432000,
          "y": 111887000
        },
        "type": "segment",
        "width": 200000
      }
    },
    {
      "kind": "segment",
      "layers": [
        3,
        3
      ],
      "net": "/BE-1",
      "shape": {
        "end": {
          "x": 150082000,
          "y": 84296000
        },
        "start": {
          "x": 151257000,
          "y": 85471000
        },
        "type": "segment",
        "width": 200000
      }
    },
    {
      "kind": "segment",
      "layers": [
        3,
        3
      ],
      "net": "/BE-1",
      "shape": {
        "end": {
          "x": 136938000,
          "y": 84296000
        },
        "start": {
          "x": 150082000,
          "y": 84296000
        },
        "type": "segment",
        "width": 200000
      }
    },
    {
      "kind": "segment",
      "layers": [
        3,
        3
      ],
      "net": "/BE-2",
      "shape": {
        "end": {
          "x": 150317000,
          "y": 83896000
        },
        "start": {
          "x": 136322000,
          "y": 83896000
        },
        "type": "segment",
        "width": 200000
      }
    },
    {
      "kind": "segment",
      "layers": [
        3,
        3
      ],
      "net": "/BE-1",
      "shape": {
        "end": {
          "x": 132715000,
          "y": 90551000
        },
        "start": {
          "x": 132715000,
          "y": 88519000
        },
        "type": "segment",
        "width": 200000
      }
    },
    {
      "kind": "segment",
      "layers": [
        3,
        3
      ],
      "net": "/BE-0",
      "shape": {
        "end": {
          "x": 155575000,
          "y": 119634000
        },
        "start": {
          "x": 155575000,
          "y": 123190000
        },
        "type": "segment",
        "width": 200000
      }
    },
    {
      "kind": "segment",
      "layers": [
        3,
        3
      ],
      "net": "/ADR2",
      "shape": {
        "end": {
          "x": 149733000,
          "y": 108839000
        },
        "start": {
          "x": 149733000,
          "y": 86614000
        },
        "type": "segment",
        "width": 200000
      }
    },
    {
      "kind": "segment",
      "layers": [
        3,
        3
      ],
      "net": "/BE-2",
      "shape": {
        "end": {
          "x": 152400000,
          "y": 112395000
        },
        "start": {
          "x": 152400000,
          "y": 108839000
        },
        "type": "segment",
        "width": 200000
      }
    },
    {
      "kind": "segment",
      "layers": [
        3,
        3
      ],
      "net": "/{slash}PCWR",
      "shape": {
        "end": {
          "x": 159258000,
          "y": 118872000
        },
        "start": {
          "x": 154813000,
          "y": 114427000
        },
        "type": "segment",
        "width": 200000
      }
    },
    {
      "kind": "segment",
      "layers": [
        3,
        3
      ],
      "net": "/BE-0",
      "shape": {
        "end": {
          "x": 152400000,
          "y": 126365000
        },
        "start": {
          "x": 147320000,
          "y": 126365000
        },
        "type": "segment",
        "width": 200000
      }
    },
    {
      "kind": "segment",
      "layers": [
        3,
        3
      ],
      "net": "/{slash}PCRD",
      "shape": {
        "end": {
          "x": 153289000,
          "y": 84963000
        },
        "start": {
          "x": 151022000,
          "y": 82696000
        },
        "type": "segment",
        "width": 200000
      }
    },
    {
      "kind": "segment",
      "layers": [
        3,
        3
      ],
      "net": "/ADR2",
      "shape": {
        "end": {
          "x": 150368000,
          "y": 109474000
        },
        "start": {
          "x": 149733000,
          "y": 108839000
        },
        "type": "segment",
        "width": 200000
      }
    },
    {
      "kind": "segment",
      "layers": [
        3,
        3
      ],
      "net": "/SELECT-",
      "shape": {
        "end": {
          "x": 150876000,
          "y": 112776000
        },
        "start": {
          "x": 150876000,
          "y": 109347000
        },
        "type": "segment",
        "width": 200000
      }
    },
    {
      "kind": "segment",
      "layers": [
        3,
        3
      ],
      "net": "/BE-2",
      "shape": {
        "end": {
          "x": 156845000,
          "y": 119507000
        },
        "start": {
          "x": 152781000,
          "y": 115443000
        },
        "type": "segment",
        "width": 200000
      }
    },
    {
      "kind": "segment",
      "layers": [
        3,
        3
      ],
      "net": "/BE-2",
      "shape": {
        "end": {
          "x": 136322000,
          "y": 83896000
        },
        "start": {
          "x": 131826000,
          "y": 88392000
        },
        "type": "segment",
        "width": 200000
      }
    },
    {
      "kind": "segment",
      "layers": [
        3,
        3
      ],
      "net": "/BE-3",
      "shape": {
        "end": {
          "x": 130175000,
          "y": 89154000
        },
        "start": {
          "x": 135833000,
          "y": 83496000
        },
        "type": "segment",
        "width": 200000
      }
    },
    {
      "kind": "segment",
      "layers": [
        3,
        3
      ],
      "net": "/{slash}PCRD",
      "shape": {
        "end": {
          "x": 158750000,
          "y": 120015000
        },
        "start": {
          "x": 158750000,
          "y": 119126000
        },
        "type": "segment",
        "width": 200000
      }
    },
    {
      "kind": "segment",
      "layers": [
        3,
        3
      ],
      "net": "/IRQ_SRL",
      "shape": {
        "end": {
          "x": 150787000,
          "y": 83096000
        },
        "start": {
          "x": 135598000,
          "y": 83096000
        },
        "type": "segment",
        "width": 200000
      }
    },
    {
      "kind": "segment",
      "layers": [
        3,
        3
      ],
      "net": "/BE-2",
      "shape": {
        "end": {
          "x": 152781000,
          "y": 115443000
        },
        "start": {
          "x": 152781000,
          "y": 112776000
        },
        "type": "segment",
        "width": 200000
      }
    },
    {
      "kind": "segment",
      "layers": [
        3,
        3
      ],
      "net": "/BE-0",
      "shape": {
        "end": {
          "x": 152273000,
          "y": 116332000
        },
        "start": {
          "x": 155575000,
          "y": 119634000
        },
        "type": "segment",
        "width": 200000
      }
    },
    {
      "kind": "segment",
      "layers": [
        3,
        3
      ],
      "net": "/IRQ_SRL",
      "shape": {
        "end": {
          "x": 153797000,
          "y": 114935000
        },
        "start": {
          "x": 153797000,
          "y": 112522000
        },
        "type": "segment",
        "width": 200000
      }
    },
    {
      "kind": "segment",
      "layers": [
        3,
        3
      ],
      "net": "/BE-0",
      "shape": {
        "end": {
          "x": 133985000,
          "y": 88138000
        },
        "start": {
          "x": 137427000,
          "y": 84696000
        },
        "type": "segment",
        "width": 200000
      }
    },
    {
      "kind": "segment",
      "layers": [
        3,
        3
      ],
      "net": "/ADR2",
      "shape": {
        "end": {
          "x": 150749000,
          "y": 113284000
        },
        "start": {
          "x": 150368000,
          "y": 112903000
        },
        "type": "segment",
        "width": 200000
      }
    },
    {
      "kind": "segment",
      "layers": [
        3,
        3
      ],
      "net": "/SELECT-",
      "shape": {
        "end": {
          "x": 151257000,
          "y": 116586000
        },
        "start": {
          "x": 151257000,
          "y": 113157000
        },
        "type": "segment",
        "width": 200000
      }
    },
    {
      "kind": "segment",
      "layers": [
        3,
        3
      ],
      "net": "/BE-2",
      "shape": {
        "end": {
          "x": 153035000,
          "y": 128905000
        },
        "start": {
          "x": 156845000,
          "y": 125095000
        },
        "type": "segment",
        "width": 200000
      }
    },
    {
      "kind": "segment",
      "layers": [
        3,
        3
      ],
      "net": "/SELECT-",
      "shape": {
        "end": {
          "x": 151257000,
          "y": 113157000
        },
        "start": {
          "x": 150876000,
          "y": 112776000
        },
        "type": "segment",
        "width": 200000
      }
    },
    {
      "kind": "segment",
      "layers": [
        3,
        3
      ],
      "net": "/BE-2",
      "shape": {
        "end": {
          "x": 156845000,
          "y": 125095000
        },
        "start": {
          "x": 156845000,
          "y": 119507000
        },
        "type": "segment",
        "width": 200000
      }
    },
    {
      "kind": "segment",
      "layers": [
        3,
        3
      ],
      "net": "/ADR2",
      "shape": {
        "end": {
          "x": 150368000,
          "y": 112903000
        },
        "start": {
          "x": 150368000,
          "y": 109474000
        },
        "type": "segment",
        "width": 200000
      }
    },
    {
      "kind": "segment",
      "layers": [
        3,
        3
      ],
      "net": "/BE-1",
      "shape": {
        "end": {
          "x": 156210000,
          "y": 123825000
        },
        "start": {
          "x": 151765000,
          "y": 128270000
        },
        "type": "segment",
        "width": 200000
      }
    },
    {
      "kind": "segment",
      "layers": [
        3,
        3
      ],
      "net": "/BE-0",
      "shape": {
        "end": {
          "x": 151765000,
          "y": 116078000
        },
        "start": {
          "x": 152019000,
          "y": 116332000
        },
        "type": "segment",
        "width": 200000
      }
    },
    {
      "kind": "segment",
      "layers": [
        3,
        3
      ],
      "net": "/ADR2",
      "shape": {
        "end": {
          "x": 151130000,
          "y": 118618000
        },
        "start": {
          "x": 150749000,
          "y": 118618000
        },
        "type": "segment",
        "width": 200000
      }
    },
    {
      "kind": "segment",
      "layers": [
        3,
        3
      ],
      "net": "/ADR2",
      "shape": {
        "end": {
          "x": 151638000,
          "y": 119126000
        },
        "start": {
          "x": 151130000,
          "y": 118618000
        },
        "type": "segment",
        "width": 200000
      }
    },
    {
      "kind": "segment",
      "layers": [
        3,
        3
      ],
      "net": "/SELECT-",
      "shape": {
        "end": {
          "x": 150876000,
          "y": 109347000
        },
        "start": {
          "x": 150241000,
          "y": 108712000
        },
        "type": "segment",
        "width": 200000
      }
    },
    {
      "kind": "segment",
      "layers": [
        3,
        3
      ],
      "net": "/ADR3",
      "shape": {
        "end": {
          "x": 149860000,
          "y": 109601000
        },
        "start": {
          "x": 149225000,
          "y": 108966000
        },
        "type": "segment",
        "width": 200000
      }
    },
    {
      "kind": "segment",
      "layers": [
        3,
        3
      ],
      "net": "/ADR2",
      "shape": {
        "end": {
          "x": 152146000,
          "y": 119126000
        },
        "start": {
          "x": 151638000,
          "y": 119126000
        },
        "type": "segment",
        "width": 200000
      }
    },
    {
      "kind": "segment",
      "layers": [
        3,
        3
      ],
      "net": "/{slash}PCRD",
      "shape": {
        "end": {
          "x": 153924000,
          "y": 112014000
        },
        "start": {
          "x": 153924000,
          "y": 108077000
        },
        "type": "segment",
        "width": 200000
      }
    },
    {
      "kind": "segment",
      "layers": [
        3,
        3
      ],
      "net": "/{slash}PCWR",
      "shape": {
        "end": {
          "x": 174371000,
          "y": 132715000
        },
        "start": {
          "x": 171704000,
          "y": 130048000
        },
        "type": "segment",
        "width": 200000
      }
    },
    {
      "kind": "segment",
      "layers": [
        3,
        3
      ],
      "net": "/ADR2",
      "shape": {
        "end": {
          "x": 144145000,
          "y": 86614000
        },
        "start": {
          "x": 141097000,
          "y": 86614000
        },
        "type": "segment",
        "width": 200000
      }
    },
    {
      "kind": "segment",
      "layers": [
        3,
        3
      ],
      "net": "/ADR3",
      "shape": {
        "end": {
          "x": 139827000,
          "y": 87122000
        },
        "start": {
          "x": 139446000,
          "y": 86741000
        },
        "type": "segment",
        "width": 200000
      }
    },
    {
      "kind": "segment",
      "layers": [
        3,
        3
      ],
      "net": "/ADR3",
      "shape": {
        "end": {
          "x": 149225000,
          "y": 108966000
        },
        "start": {
          "x": 149225000,
          "y": 86868000
        },
        "type": "segment",
        "width": 200000
      }
    },
    {
      "kind": "segment",
      "layers": [
        3,
        3
      ],
      "net": "/{slash}PCRD",
      "shape": {
        "end": {
          "x": 154305000,
          "y": 114681000
        },
        "start": {
          "x": 154305000,
          "y": 112395000
        },
        "type": "segment",
        "width": 200000
      }
    },
    {
      "kind": "segment",
      "layers": [
        3,
        3
      ],
      "net": "/ADR2",
      "shape": {
        "end": {
          "x": 149733000,
          "y": 86614000
        },
        "start": {
          "x": 148615000,
          "y": 85496000
        },
        "type": "segment",
        "width": 200000
      }
    },
    {
      "kind": "segment",
      "layers": [
        3,
        3
      ],
      "net": "/BE-3",
      "shape": {
        "end": {
          "x": 130175000,
          "y": 91567000
        },
        "start": {
          "x": 130175000,
          "y": 89154000
        },
        "type": "segment",
        "width": 200000
      }
    },
    {
      "kind": "segment",
      "layers": [
        3,
        3
      ],
      "net": "/{slash}PCRD",
      "shape": {
        "end": {
          "x": 161163000,
          "y": 122428000
        },
        "start": {
          "x": 158750000,
          "y": 120015000
        },
        "type": "segment",
        "width": 200000
      }
    },
    {
      "kind": "segment",
      "layers": [
        3,
        3
      ],
      "net": "/ADR2",
      "shape": {
        "end": {
          "x": 150749000,
          "y": 118618000
        },
        "start": {
          "x": 150749000,
          "y": 113284000
        },
        "type": "segment",
        "width": 200000
      }
    },
    {
      "kind": "segment",
      "layers": [
        3,
        3
      ],
      "net": "/ADR3",
      "shape": {
        "end": {
          "x": 145625000,
          "y": 85896000
        },
        "start": {
          "x": 144399000,
          "y": 87122000
        },
        "type": "segment",
        "width": 200000
      }
    },
    {
      "kind": "segment",
      "layers": [
        3,
        3
      ],
      "net": "/IRQ_SRL",
      "shape": {
        "end": {
          "x": 152781000,
          "y": 107696000
        },
        "start": {
          "x": 152781000,
          "y": 85090000
        },
        "type": "segment",
        "width": 200000
      }
    },
    {
      "kind": "segment",
      "layers": [
        3,
        3
      ],
      "net": "/ADR2",
      "shape": {
        "end": {
          "x": 148615000,
          "y": 85496000
        },
        "start": {
          "x": 145263000,
          "y": 85496000
        },
        "type": "segment",
        "width": 200000
      }
    },
    {
      "kind": "segment",
      "layers": [
        3,
        3
      ],
      "net": "/ADR2",
      "shape": {
        "end": {
          "x": 141097000,
          "y": 86614000
        },
        "start": {
          "x": 140462000,
          "y": 85979000
        },
        "type": "segment",
        "width": 200000
      }
    },
    {
      "kind": "segment",
      "layers": [
        3,
        3
      ],
      "net": "/IRQ_SRL",
      "shape": {
        "end": {
          "x": 158115000,
          "y": 119253000
        },
        "start": {
          "x": 153797000,
          "y": 114935000
        },
        "type": "segment",
        "width": 200000
      }
    },
    {
      "kind": "segment",
      "layers": [
        3,
        3
      ],
      "net": "/BE-0",
      "shape": {
        "end": {
          "x": 133985000,
          "y": 89662000
        },
        "start": {
          "x": 133985000,
          "y": 88138000
        },
        "type": "segment",
        "width": 200000
      }
    },
    {
      "kind": "segment",
      "layers": [
        3,
        3
      ],
      "net": "/SELECT-",
      "shape": {
        "end": {
          "x": 154305000,
          "y": 120015000
        },
        "start": {
          "x": 154305000,
          "y": 118999000
        },
        "type": "segment",
        "width": 200000
      }
    },
    {
      "kind": "segment",
      "layers": [
        3,
        3
      ],
      "net": "/{slash}PCWR",
      "shape": {
        "end": {
          "x": 154432000,
          "y": 107950000
        },
        "start": {
          "x": 153797000,
          "y": 107315000
        },
        "type": "segment",
        "width": 200000
      }
    },
    {
      "kind": "segment",
      "layers": [
        3,
        3
      ],
      "net": "/BE-0",
      "shape": {
        "end": {
          "x": 151384000,
          "y": 112649000
        },
        "start": {
          "x": 151765000,
          "y": 113030000
        },
        "type": "segment",
        "width": 200000
      }
    },
    {
      "kind": "segment",
      "layers": [
        3,
        3
      ],
      "net": "/IRQ_SRL",
      "shape": {
        "end": {
          "x": 135598000,
          "y": 83096000
        },
        "start": {
          "x": 134112000,
          "y": 84582000
        },
        "type": "segment",
        "width": 200000
      }
    },
    {
      "kind": "segment",
      "layers": [
        3,
        3
      ],
      "net": "/BE-1",
      "shape": {
        "end": {
          "x": 151257000,
          "y": 108458000
        },
        "start": {
          "x": 151892000,
          "y": 109093000
        },
        "type": "segment",
        "width": 200000
      }
    },
    {
      "kind": "segment",
      "layers": [
        3,
        3
      ],
      "net": "/{slash}PCWR",
      "shape": {
        "end": {
          "x": 161671000,
          "y": 128524000
        },
        "start": {
          "x": 161671000,
          "y": 122174000
        },
        "type": "segment",
        "width": 200000
      }
    },
    {
      "kind": "segment",
      "layers": [
        3,
        3
      ],
      "net": "/SELECT-",
      "shape": {
        "end": {
          "x": 154305000,
          "y": 118999000
        },
        "start": {
          "x": 152146000,
          "y": 116840000
        },
        "type": "segment",
        "width": 200000
      }
    },
    {
      "kind": "segment",
      "layers": [
        3,
        3
      ],
      "net": "/{slash}PCWR",
      "shape": {
        "end": {
          "x": 151257000,
          "y": 82296000
        },
        "start": {
          "x": 133858000,
          "y": 82296000
        },
        "type": "segment",
        "width": 200000
      }
    },
    {
      "kind": "segment",
      "layers": [
        3,
        3
      ],
      "net": "/BE-0",
      "shape": {
        "end": {
          "x": 151765000,
          "y": 113030000
        },
        "start": {
          "x": 151765000,
          "y": 116078000
        },
        "type": "segment",
        "width": 200000
      }
    },
    {
      "kind": "segment",
      "layers": [
        3,
        3
      ],
      "net": "/SELECT-",
      "shape": {
        "end": {
          "x": 152146000,
          "y": 116840000
        },
        "start": {
          "x": 151511000,
          "y": 116840000
        },
        "type": "segment",
        "width": 200000
      }
    },
    {
      "kind": "segment",
      "layers": [
        3,
        3
      ],
      "net": "/IRQ_SRL",
      "shape": {
        "end": {
          "x": 154305000,
          "y": 132080000
        },
        "start": {
          "x": 158115000,
          "y": 128270000
        },
        "type": "segment",
        "width": 200000
      }
    },
    {
      "kind": "segment",
      "layers": [
        3,
        3
      ],
      "net": "/SELECT-",
      "shape": {
        "end": {
          "x": 151511000,
          "y": 116840000
        },
        "start": {
          "x": 151257000,
          "y": 116586000
        },
        "type": "segment",
        "width": 200000
      }
    },
    {
      "kind": "segment",
      "layers": [
        3,
        3
      ],
      "net": "/IRQ_SRL",
      "shape": {
        "end": {
          "x": 158115000,
          "y": 128270000
        },
        "start": {
          "x": 158115000,
          "y": 119253000
        },
        "type": "segment",
        "width": 200000
      }
    },
    {
      "kind": "segment",
      "layers": [
        3,
        3
      ],
      "net": "/SELECT-",
      "shape": {
        "end": {
          "x": 150241000,
          "y": 86360000
        },
        "start": {
          "x": 148977000,
          "y": 85096000
        },
        "type": "segment",
        "width": 200000
      }
    },
    {
      "kind": "segment",
      "layers": [
        3,
        3
      ],
      "net": "/{slash}PCRD",
      "shape": {
        "end": {
          "x": 161163000,
          "y": 128905000
        },
        "start": {
          "x": 161163000,
          "y": 122428000
        },
        "type": "segment",
        "width": 200000
      }
    },
    {
      "kind": "segment",
      "layers": [
        3,
        3
      ],
      "net": "/ADR3",
      "shape": {
        "end": {
          "x": 151765000,
          "y": 120015000
        },
        "start": {
          "x": 150876000,
          "y": 119126000
        },
        "type": "segment",
        "width": 200000
      }
    },
    {
      "kind": "segment",
      "layers": [
        3,
        3
      ],
      "net": "/BE-3",
      "shape": {
        "end": {
          "x": 135833000,
          "y": 83496000
        },
        "start": {
          "x": 150552000,
          "y": 83496000
        },
        "type": "segment",
        "width": 200000
      }
    },
    {
      "kind": "segment",
      "layers": [
        3,
        3
      ],
      "net": "/{slash}PCRD",
      "shape": {
        "end": {
          "x": 158750000,
          "y": 119126000
        },
        "start": {
          "x": 154305000,
          "y": 114681000
        },
        "type": "segment",
        "width": 200000
      }
    },
    {
      "kind": "segment",
      "layers": [
        3,
        3
      ],
      "net": "/BE-0",
      "shape": {
        "end": {
          "x": 155575000,
          "y": 123190000
        },
        "start": {
          "x": 152400000,
          "y": 126365000
        },
        "type": "segment",
        "width": 200000
      }
    },
    {
      "kind": "segment",
      "layers": [
        3,
        3
      ],
      "net": "/BE-2",
      "shape": {
        "end": {
          "x": 152781000,
          "y": 112776000
        },
        "start": {
          "x": 152400000,
          "y": 112395000
        },
        "type": "segment",
        "width": 200000
      }
    },
    {
      "kind": "segment",
      "layers": [
        3,
        3
      ],
      "net": "/{slash}PCWR",
      "shape": {
        "end": {
          "x": 159258000,
          "y": 119761000
        },
        "start": {
          "x": 159258000,
          "y": 118872000
        },
        "type": "segment",
        "width": 200000
      }
    },
    {
      "kind": "segment",
      "layers": [
        3,
        3
      ],
      "net": "/ADR2",
      "shape": {
        "end": {
          "x": 153035000,
          "y": 120015000
        },
        "start": {
          "x": 152146000,
          "y": 119126000
        },
        "type": "segment",
        "width": 200000
      }
    },
    {
      "kind": "segment",
      "layers": [
        3,
        3
      ],
      "net": "/ADR3",
      "shape": {
        "end": {
          "x": 149860000,
          "y": 113030000
        },
        "start": {
          "x": 149860000,
          "y": 109601000
        },
        "type": "segment",
        "width": 200000
      }
    },
    {
      "kind": "segment",
      "layers": [
        3,
        3
      ],
      "net": "/SELECT-",
      "shape": {
        "end": {
          "x": 150241000,
          "y": 108712000
        },
        "start": {
          "x": 150241000,
          "y": 86360000
        },
        "type": "segment",
        "width": 200000
      }
    },
    {
      "kind": "segment",
      "layers": [
        3,
        3
      ],
      "net": "/SELECT-",
      "shape": {
        "end": {
          "x": 148977000,
          "y": 85096000
        },
        "start": {
          "x": 142361000,
          "y": 85096000
        },
        "type": "segment",
        "width": 200000
      }
    },
    {
      "kind": "segment",
      "layers": [
        3,
        3
      ],
      "net": "/ADR3",
      "shape": {
        "end": {
          "x": 149225000,
          "y": 86868000
        },
        "start": {
          "x": 148253000,
          "y": 85896000
        },
        "type": "segment",
        "width": 200000
      }
    },
    {
      "kind": "segment",
      "layers": [
        3,
        3
      ],
      "net": "/BE-1",
      "shape": {
        "end": {
          "x": 132715000,
          "y": 88519000
        },
        "start": {
          "x": 136938000,
          "y": 84296000
        },
        "type": "segment",
        "width": 200000
      }
    },
    {
      "kind": "segment",
      "layers": [
        3,
        3
      ],
      "net": "/SELECT-",
      "shape": {
        "end": {
          "x": 142361000,
          "y": 85096000
        },
        "start": {
          "x": 141732000,
          "y": 85725000
        },
        "type": "segment",
        "width": 200000
      }
    },
    {
      "kind": "segment",
      "layers": [
        3,
        3
      ],
      "net": "/BE-0",
      "shape": {
        "end": {
          "x": 150749000,
          "y": 108585000
        },
        "start": {
          "x": 151384000,
          "y": 109220000
        },
        "type": "segment",
        "width": 200000
      }
    },
    {
      "kind": "segment",
      "layers": [
        3,
        3
      ],
      "net": "/BE-0",
      "shape": {
        "end": {
          "x": 151384000,
          "y": 109220000
        },
        "start": {
          "x": 151384000,
          "y": 112649000
        },
        "type": "segment",
        "width": 200000
      }
    },
    {
      "kind": "segment",
      "layers": [
        3,
        3
      ],
      "net": "/BE-3",
      "shape": {
        "end": {
          "x": 150552000,
          "y": 83496000
        },
        "start": {
          "x": 152273000,
          "y": 85217000
        },
        "type": "segment",
        "width": 200000
      }
    },
    {
      "kind": "segment",
      "layers": [
        3,
        3
      ],
      "net": "/ADR3",
      "shape": {
        "end": {
          "x": 150876000,
          "y": 119126000
        },
        "start": {
          "x": 150495000,
          "y": 119126000
        },
        "type": "segment",
        "width": 200000
      }
    },
    {
      "kind": "segment",
      "layers": [
        3,
        3
      ],
      "net": "/ADR3",
      "shape": {
        "end": {
          "x": 150241000,
          "y": 118872000
        },
        "start": {
          "x": 150241000,
          "y": 113411000
        },
        "type": "segment",
        "width": 200000
      }
    },
    {
      "kind": "segment",
      "layers": [
        3,
        3
      ],
      "net": "/BE-3",
      "shape": {
        "end": {
          "x": 152273000,
          "y": 107950000
        },
        "start": {
          "x": 152908000,
          "y": 108585000
        },
        "type": "segment",
        "width": 200000
      }
    },
    {
      "kind": "segment",
      "layers": [
        3,
        3
      ],
      "net": "/ADR2",
      "shape": {
        "end": {
          "x": 145263000,
          "y": 85496000
        },
        "start": {
          "x": 144145000,
          "y": 86614000
        },
        "type": "segment",
        "width": 200000
      }
    },
    {
      "kind": "segment",
      "layers": [
        3,
        3
      ],
      "net": "/ADR3",
      "shape": {
        "end": {
          "x": 150241000,
          "y": 113411000
        },
        "start": {
          "x": 149860000,
          "y": 113030000
        },
        "type": "segment",
        "width": 200000
      }
    },
    {
      "kind": "segment",
      "layers": [
        3,
        3
      ],
      "net": "/BE-3",
      "shape": {
        "end": {
          "x": 152908000,
          "y": 108585000
        },
        "start": {
          "x": 152908000,
          "y": 112268000
        },
        "type": "segment",
        "width": 200000
      }
    },
    {
      "kind": "segment",
      "layers": [
        3,
        3
      ],
      "net": "/BE-3",
      "shape": {
        "end": {
          "x": 152908000,
          "y": 112268000
        },
        "start": {
          "x": 153289000,
          "y": 112649000
        },
        "type": "segment",
        "width": 200000
      }
    },
    {
      "kind": "segment",
      "layers": [
        3,
        3
      ],
      "net": "/BE-3",
      "shape": {
        "end": {
          "x": 153289000,
          "y": 112649000
        },
        "start": {
          "x": 153289000,
          "y": 115189000
        },
        "type": "segment",
        "width": 200000
      }
    },
    {
      "kind": "segment",
      "layers": [
        3,
        3
      ],
      "net": "/BE-3",
      "shape": {
        "end": {
          "x": 157480000,
          "y": 126365000
        },
        "start": {
          "x": 154305000,
          "y": 129540000
        },
        "type": "segment",
        "width": 200000
      }
    },
    {
      "kind": "segment",
      "layers": [
        3,
        3
      ],
      "net": "/BE-3",
      "shape": {
        "end": {
          "x": 153289000,
          "y": 115189000
        },
        "start": {
          "x": 157480000,
          "y": 119380000
        },
        "type": "segment",
        "width": 200000
      }
    },
    {
      "kind": "segment",
      "layers": [
        3,
        3
      ],
      "net": "/BE-3",
      "shape": {
        "end": {
          "x": 157480000,
          "y": 119380000
        },
        "start": {
          "x": 157480000,
          "y": 126365000
        },
        "type": "segment",
        "width": 200000
      }
    },
    {
      "kind": "segment",
      "layers": [
        3,
        3
      ],
      "net": "/IRQ_SRL",
      "shape": {
        "end": {
          "x": 153797000,
          "y": 112522000
        },
        "start": {
          "x": 153416000,
          "y": 112141000
        },
        "type": "segment",
        "width": 200000
      }
    },
    {
      "kind": "segment",
      "layers": [
        3,
        3
      ],
      "net": "/BE-0",
      "shape": {
        "end": {
          "x": 137427000,
          "y": 84696000
        },
        "start": {
          "x": 149847000,
          "y": 84696000
        },
        "type": "segment",
        "width": 200000
      }
    },
    {
      "kind": "segment",
      "layers": [
        3,
        3
      ],
      "net": "/BE-0",
      "shape": {
        "end": {
          "x": 149847000,
          "y": 84696000
        },
        "start": {
          "x": 150749000,
          "y": 85598000
        },
        "type": "segment",
        "width": 200000
      }
    },
    {
      "kind": "segment",
      "layers": [
        3,
        3
      ],
      "net": "/IRQ_SRL",
      "shape": {
        "end": {
          "x": 153416000,
          "y": 112141000
        },
        "start": {
          "x": 153416000,
          "y": 108331000
        },
        "type": "segment",
        "width": 200000
      }
    },
    {
      "kind": "segment",
      "layers": [
        3,
        3
      ],
      "net": "/BE-0",
      "shape": {
        "end": {
          "x": 150749000,
          "y": 85598000
        },
        "start": {
          "x": 150749000,
          "y": 108585000
        },
        "type": "segment",
        "width": 200000
      }
    },
    {
      "kind": "segment",
      "layers": [
        3,
        3
      ],
      "net": "/IRQ_SRL",
      "shape": {
        "end": {
          "x": 153416000,
          "y": 108331000
        },
        "start": {
          "x": 152781000,
          "y": 107696000
        },
        "type": "segment",
        "width": 200000
      }
    },
    {
      "kind": "segment",
      "layers": [
        3,
        3
      ],
      "net": "/ADR3",
      "shape": {
        "end": {
          "x": 148253000,
          "y": 85896000
        },
        "start": {
          "x": 145625000,
          "y": 85896000
        },
        "type": "segment",
        "width": 200000
      }
    },
    {
      "kind": "segment",
      "layers": [
        3,
        3
      ],
      "net": "/IRQ_SRL",
      "shape": {
        "end": {
          "x": 152781000,
          "y": 85090000
        },
        "start": {
          "x": 150787000,
          "y": 83096000
        },
        "type": "segment",
        "width": 200000
      }
    },
    {
      "kind": "segment",
      "layers": [
        3,
        3
      ],
      "net": "/{slash}PCRD",
      "shape": {
        "end": {
          "x": 173355000,
          "y": 134112000
        },
        "start": {
          "x": 169926000,
          "y": 130683000
        },
        "type": "segment",
        "width": 200000
      }
    },
    {
      "kind": "segment",
      "layers": [
        3,
        3
      ],
      "net": "/{slash}PCRD",
      "shape": {
        "end": {
          "x": 169926000,
          "y": 130683000
        },
        "start": {
          "x": 162941000,
          "y": 130683000
        },
        "type": "segment",
        "width": 200000
      }
    },
    {
      "kind": "segment",
      "layers": [
        3,
        3
      ],
      "net": "/{slash}PCRD",
      "shape": {
        "end": {
          "x": 162941000,
          "y": 130683000
        },
        "start": {
          "x": 161163000,
          "y": 128905000
        },
        "type": "segment",
        "width": 200000
      }
    },
    {
      "kind": "segment",
      "layers": [
        3,
        3
      ],
      "net": "/{slash}PCRD",
      "shape": {
        "end": {
          "x": 153289000,
          "y": 107442000
        },
        "start": {
          "x": 153289000,
          "y": 84963000
        },
        "type": "segment",
        "width": 200000
      }
    },
    {
      "kind": "segment",
      "layers": [
        3,
        3
      ],
      "net": "/{slash}PCRD",
      "shape": {
        "end": {
          "x": 135363000,
          "y": 82696000
        },
        "start": {
          "x": 134620000,
          "y": 83439000
        },
        "type": "segment",
        "width": 200000
      }
    },
    {
      "kind": "segment",
      "layers": [
        3,
        3
      ],
      "net": "/{slash}PCRD",
      "shape": {
        "end": {
          "x": 134620000,
          "y": 83439000
        },
        "start": {
          "x": 131826000,
          "y": 83439000
        },
        "type": "segment",
        "width": 200000
      }
    },
    {
      "kind": "segment",
      "layers": [
        3,
        3
      ],
      "net": "/BE-2",
      "shape": {
        "end": {
          "x": 131826000,
          "y": 88392000
        },
        "start": {
          "x": 131826000,
          "y": 91313000
        },
        "type": "segment",
        "width": 200000
      }
    },
    {
      "kind": "segment",
      "layers": [
        3,
        3
      ],
      "net": "/BE-1",
      "shape": {
        "end": {
          "x": 152273000,
          "y": 115697000
        },
        "start": {
          "x": 156210000,
          "y": 119634000
        },
        "type": "segment",
        "width": 200000
      }
    },
    {
      "kind": "segment",
      "layers": [
        3,
        3
      ],
      "net": "/BE-0",
      "shape": {
        "end": {
          "x": 152019000,
          "y": 116332000
        },
        "start": {
          "x": 152273000,
          "y": 116332000
        },
        "type": "segment",
        "width": 200000
      }
    },
    {
      "kind": "segment",
      "layers": [
        3,
        3
      ],
      "net": "/BE-1",
      "shape": {
        "end": {
          "x": 156210000,
          "y": 119634000
        },
        "start": {
          "x": 156210000,
          "y": 123825000
        },
        "type": "segment",
        "width": 200000
      }
    },
    {
      "kind": "segment",
      "layers": [
        3,
        3
      ],
      "net": "/BE-1",
      "shape": {
        "end": {
          "x": 151257000,
          "y": 85471000
        },
        "start": {
          "x": 151257000,
          "y": 108458000
        },
        "type": "segment",
        "width": 200000
      }
    },
    {
      "kind": "segment",
      "layers": [
        3,
        3
      ],
      "net": "/BE-1",
      "shape": {
        "end": {
          "x": 151892000,
          "y": 109093000
        },
        "start": {
          "x": 151892000,
          "y": 112522000
        },
        "type": "segment",
        "width": 200000
      }
    },
    {
      "kind": "segment",
      "layers": [
        3,
        3
      ],
      "net": "/ADR3",
      "shape": {
        "end": {
          "x": 150495000,
          "y": 119126000
        },
        "start": {
          "x": 150241000,
          "y": 118872000
        },
        "type": "segment",
        "width": 200000
      }
    },
    {
      "kind": "segment",
      "layers": [
        3,
        3
      ],
      "net": "/BE-3",
      "shape": {
        "end": {
          "x": 152273000,
          "y": 85217000
        },
        "start": {
          "x": 152273000,
          "y": 107950000
        },
        "type": "segment",
        "width": 200000
      }
    },
    {
      "kind": "segment",
      "layers": [
        3,
        3
      ],
      "net": "/ADR3",
      "shape": {
        "end": {
          "x": 144399000,
          "y": 87122000
        },
        "start": {
          "x": 139827000,
          "y": 87122000
        },
        "type": "segment",
        "width": 200000
      }
    },
    {
      "kind": "segment",
      "layers": [
        3,
        3
      ],
      "net": "/IRQ_SRL",
      "shape": {
        "end": {
          "x": 134112000,
          "y": 84582000
        },
        "start": {
          "x": 131064000,
          "y": 84582000
        },
        "type": "segment",
        "width": 200000
      }
    },
    {
      "kind": "segment",
      "layers": [
        3,
        3
      ],
      "net": "/{slash}PCWR",
      "shape": {
        "end": {
          "x": 176403000,
          "y": 132715000
        },
        "start": {
          "x": 174371000,
          "y": 132715000
        },
        "type": "segment",
        "width": 200000
      }
    },
    {
      "kind": "segment",
      "layers": [
        3,
        3
      ],
      "net": "/{slash}PCWR",
      "shape": {
        "end": {
          "x": 153797000,
          "y": 84836000
        },
        "start": {
          "x": 151257000,
          "y": 82296000
        },
        "type": "segment",
        "width": 200000
      }
    },
    {
      "kind": "segment",
      "layers": [
        3,
        3
      ],
      "net": "/{slash}PCWR",
      "shape": {
        "end": {
          "x": 178435000,
          "y": 134112000
        },
        "start": {
          "x": 176403000,
          "y": 132715000
        },
        "type": "segment",
        "width": 200000
      }
    },
    {
      "kind": "segment",
      "layers": [
        3,
        3
      ],
      "net": "/{slash}PCRD",
      "shape": {
        "end": {
          "x": 154305000,
          "y": 112395000
        },
        "start": {
          "x": 153924000,
          "y": 112014000
        },
        "type": "segment",
        "width": 200000
      }
    },
    {
      "kind": "segment",
      "layers": [
        3,
        3
      ],
      "net": "/{slash}PCWR",
      "shape": {
        "end": {
          "x": 153797000,
          "y": 107315000
        },
        "start": {
          "x": 153797000,
          "y": 84836000
        },
        "type": "segment",
        "width": 200000
      }
    },
    {
      "kind": "segment",
      "layers": [
        3,
        3
      ],
      "net": "/{slash}PCWR",
      "shape": {
        "end": {
          "x": 154432000,
          "y": 111887000
        },
        "start": {
          "x": 154432000,
          "y": 107950000
        },
        "type": "segment",
        "width": 200000
      }
    },
    {
      "kind": "segment",
      "layers": [
        3,
        3
      ],
      "net": "/{slash}PCWR",
      "shape": {
        "end": {
          "x": 154813000,
          "y": 114427000
        },
        "start": {
          "x": 154813000,
          "y": 112268000
        },
        "type": "segment",
        "width": 200000
      }
    }
  ],
  "board_hash": "6F0FA97796D911237DB1D7435F516FA8",
  "events": [
    {
      "layer": 0,
      "position": {
        "x": 142600000,
        "y": 81280000
      },
      "sizes": {
        "layerBottom": 2,
        "layerTop": 0,
        "trackWidth": 155000,
        "trackWidthIsExplicit": true,
        "viaDiameter": 600000,
        "viaDrill": 250000,
        "viaType": 4
      },
      "type": 1,
      "uuids": [
        "b3b48740-adf0-4008-bd0d-0f6cd6928b2c"
      ]
    },
    {
      "layer": 0,
      "position": {
        "x": 142600000,
        "y": 81280000
      },
      "sizes": {
        "layerBottom": 2,
        "layerTop": 0,
        "trackWidth": 155000,
        "trackWidthIsExplicit": true,
        "viaDiameter": 600000,
        "viaDrill": 250000,
        "viaType": 4
      },
      "type": 3,
      "uuids": []
    },
    {
      "layer": 0,
      "position": {
        "x": 142600000,
        "y": 81300000
      },
      "sizes": {
        "layerBottom": 2,
        "layerTop": 0,
        "trackWidth": 155000,
        "trackWidthIsExplicit": true,
        "viaDiameter": 600000,
        "viaDrill": 250000,
        "viaType": 4
      },
      "type": 3,
      "uuids": []
    },
    {
      "layer": 0,
      "position": {
        "x": 142600000,
        "y": 81300000
      },
      "sizes": {
        "layerBottom": 2,
        "layerTop": 0,
        "trackWidth": 155000,
        "trackWidthIsExplicit": true,
        "viaDiameter": 600000,
        "viaDrill": 250000,
        "viaType": 4
      },
      "type": 3,
      "uuids": []
    },
    {
      "layer": 0,
      "position": {
        "x": 142600000,
        "y": 81300000
      },
      "sizes": {
        "layerBottom": 2,
        "layerTop": 0,
        "trackWidth": 155000,
        "trackWidthIsExplicit": true,
        "viaDiameter": 600000,
        "viaDrill": 250000,
        "viaType": 4
      },
      "type": 3,
      "uuids": []
    },
    {
      "layer": 0,
      "position": {
        "x": 142700000,
        "y": 81400000
      },
      "sizes": {
        "layerBottom": 2,
        "layerTop": 0,
        "trackWidth": 155000,
        "trackWidthIsExplicit": true,
        "viaDiameter": 600000,
        "viaDrill": 250000,
        "viaType": 4
      },
      "type": 3,
      "uuids": []
    },
    {
      "layer": 0,
      "position": {
        "x": 142700000,
        "y": 81400000
      },
      "sizes": {
        "layerBottom": 2,
        "layerTop": 0,
        "trackWidth": 155000,
        "trackWidthIsExplicit": true,
        "viaDiameter": 600000,
        "viaDrill": 250000,
        "viaType": 4
      },
      "type": 3,
      "uuids": []
    },
    {
      "layer": 0,
      "position": {
        "x": 142700000,
        "y": 81400000
      },
      "sizes": {
        "layerBottom": 2,
        "layerTop": 0,
        "trackWidth": 155000,
        "trackWidthIsExplicit": true,
        "viaDiameter": 600000,
        "viaDrill": 250000,
        "viaType": 4
      },
      "type": 3,
      "uuids": []
    },
    {
      "layer": 0,
      "position": {
        "x": 142700000,
        "y": 81400000
      },
      "sizes": {
        "layerBottom": 2,
        "layerTop": 0,
        "trackWidth": 155000,
        "trackWidthIsExplicit": true,
        "viaDiameter": 600000,
        "viaDrill": 250000,
        "viaType": 4
      },
      "type": 3,
      "uuids": []
    },
    {
      "layer": 0,
      "position": {
        "x": 142700000,
        "y": 81400000
      },
      "sizes": {
        "layerBottom": 2,
        "layerTop": 0,
        "trackWidth": 155000,
        "trackWidthIsExplicit": true,
        "viaDiameter": 600000,
        "viaDrill": 250000,
        "viaType": 4
      },
      "type": 3,
      "uuids": []
    },
    {
      "layer": 0,
      "position": {
        "x": 142700000,
        "y": 81500000
      },
      "sizes": {
        "layerBottom": 2,
        "layerTop": 0,
        "trackWidth": 155000,
        "trackWidthIsExplicit": true,
        "viaDiameter": 600000,
        "viaDrill": 250000,
        "viaType": 4
      },
      "type": 3,
      "uuids": []
    },
    {
      "layer": 0,
      "position": {
        "x": 142700000,
        "y": 81500000
      },
      "sizes": {
        "layerBottom": 2,
        "layerTop": 0,
        "trackWidth": 155000,
        "trackWidthIsExplicit": true,
        "viaDiameter": 600000,
        "viaDrill": 250000,
        "viaType": 4
      },
      "type": 3,
      "uuids": []
    },
    {
      "layer": 0,
      "position": {
        "x": 142700000,
        "y": 81600000
      },
      "sizes": {
        "layerBottom": 2,
        "layerTop": 0,
        "trackWidth": 155000,
        "trackWidthIsExplicit": true,
        "viaDiameter": 600000,
        "viaDrill": 250000,
        "viaType": 4
      },
      "type": 3,
      "uuids": []
    },
    {
      "layer": 0,
      "position": {
        "x": 142700000,
        "y": 81600000
      },
      "sizes": {
        "layerBottom": 2,
        "layerTop": 0,
        "trackWidth": 155000,
        "trackWidthIsExplicit": true,
        "viaDiameter": 600000,
        "viaDrill": 250000,
        "viaType": 4
      },
      "type": 3,
      "uuids": []
    },
    {
      "layer": 0,
      "position": {
        "x": 142700000,
        "y": 81700000
      },
      "sizes": {
        "layerBottom": 2,
        "layerTop": 0,
        "trackWidth": 155000,
        "trackWidthIsExplicit": true,
        "viaDiameter": 600000,
        "viaDrill": 250000,
        "viaType": 4
      },
      "type": 3,
      "uuids": []
    },
    {
      "layer": 0,
      "position": {
        "x": 142700000,
        "y": 81700000
      },
      "sizes": {
        "layerBottom": 2,
        "layerTop": 0,
        "trackWidth": 155000,
        "trackWidthIsExplicit": true,
        "viaDiameter": 600000,
        "viaDrill": 250000,
        "viaType": 4
      },
      "type": 3,
      "uuids": []
    },
    {
      "layer": 0,
      "position": {
        "x": 142700000,
        "y": 81700000
      },
      "sizes": {
        "layerBottom": 2,
        "layerTop": 0,
        "trackWidth": 155000,
        "trackWidthIsExplicit": true,
        "viaDiameter": 600000,
        "viaDrill": 250000,
        "viaType": 4
      },
      "type": 3,
      "uuids": []
    },
    {
      "layer": 0,
      "position": {
        "x": 142700000,
        "y": 81700000
      },
      "sizes": {
        "layerBottom": 2,
        "layerTop": 0,
        "trackWidth": 155000,
        "trackWidthIsExplicit": true,
        "viaDiameter": 600000,
        "viaDrill": 250000,
        "viaType": 4
      },
      "type": 3,
      "uuids": []
    },
    {
      "layer": 0,
      "position": {
        "x": 142700000,
        "y": 81800000
      },
      "sizes": {
        "layerBottom": 2,
        "layerTop": 0,
        "trackWidth": 155000,
        "trackWidthIsExplicit": true,
        "viaDiameter": 600000,
        "viaDrill": 250000,
        "viaType": 4
      },
      "type": 3,
      "uuids": []
    },
    {
      "layer": 0,
      "position": {
        "x": 142700000,
        "y": 81800000
      },
      "sizes": {
        "layerBottom": 2,
        "layerTop": 0,
        "trackWidth": 155000,
        "trackWidthIsExplicit": true,
        "viaDiameter": 600000,
        "viaDrill": 250000,
        "viaType": 4
      },
      "type": 3,
      "uuids": []
    },
    {
      "layer": 0,
      "position": {
        "x": 142700000,
        "y": 81800000
      },
      "sizes": {
        "layerBottom": 2,
        "layerTop": 0,
        "trackWidth": 155000,
        "trackWidthIsExplicit": true,
        "viaDiameter": 600000,
        "viaDrill": 250000,
        "viaType": 4
      },
      "type": 3,
      "uuids": []
    },
    {
      "layer": 0,
      "position": {
        "x": 142700000,
        "y": 81900000
      },
      "sizes": {
        "layerBottom": 2,
        "layerTop": 0,
        "trackWidth": 155000,
        "trackWidthIsExplicit": true,
        "viaDiameter": 600000,
        "viaDrill": 250000,
        "viaType": 4
      },
      "type": 3,
      "uuids": []
    },
    {
      "layer": 0,
      "position": {
        "x": 142700000,
        "y": 81900000
      },
      "sizes": {
        "layerBottom": 2,
        "layerTop": 0,
        "trackWidth": 155000,
        "trackWidthIsExplicit": true,
        "viaDiameter": 600000,
        "viaDrill": 250000,
        "viaType": 4
      },
      "type": 3,
      "uuids": []
    },
    {
      "layer": 0,
      "position": {
        "x": 142700000,
        "y": 81900000
      },
      "sizes": {
        "layerBottom": 2,
        "layerTop": 0,
        "trackWidth": 155000,
        "trackWidthIsExplicit": true,
        "viaDiameter": 600000,
        "viaDrill": 250000,
        "viaType": 4
      },
      "type": 3,
      "uuids": []
    },
    {
      "layer": 0,
      "position": {
        "x": 142700000,
        "y": 81900000
      },
      "sizes": {
        "layerBottom": 2,
        "layerTop": 0,
        "trackWidth": 155000,
        "trackWidthIsExplicit": true,
        "viaDiameter": 600000,
        "viaDrill": 250000,
        "viaType": 4
      },
      "type": 3,
      "uuids": []
    },
    {
      "layer": 0,
      "position": {
        "x": 142700000,
        "y": 81900000
      },
      "sizes": {
        "layerBottom": 2,
        "layerTop": 0,
        "trackWidth": 155000,
        "trackWidthIsExplicit": true,
        "viaDiameter": 600000,
        "viaDrill": 250000,
        "viaType": 4
      },
      "type": 3,
      "uuids": []
    },
    {
      "layer": 0,
      "position": {
        "x": 142700000,
        "y": 82000000
      },
      "sizes": {
        "layerBottom": 2,
        "layerTop": 0,
        "trackWidth": 155000,
        "trackWidthIsExplicit": true,
        "viaDiameter": 600000,
        "viaDrill": 250000,
        "viaType": 4
      },
      "type": 3,
      "uuids": []
    },
    {
      "layer": 0,
      "position": {
        "x": 142700000,
        "y": 82000000
      },
      "sizes": {
        "layerBottom": 2,
        "layerTop": 0,
        "trackWidth": 155000,
        "trackWidthIsExplicit": true,
        "viaDiameter": 600000,
        "viaDrill": 250000,
        "viaType": 4
      },
      "type": 3,
      "uuids": []
    },
    {
      "layer": 0,
      "position": {
        "x": 142700000,
        "y": 82000000
      },
      "sizes": {
        "layerBottom": 2,
        "layerTop": 0,
        "trackWidth": 155000,
        "trackWidthIsExplicit": true,
        "viaDiameter": 600000,
        "viaDrill": 250000,
        "viaType": 4
      },
      "type": 3,
      "uuids": []
    },
    {
      "layer": 0,
      "position": {
        "x": 142700000,
        "y": 82100000
      },
      "sizes": {
        "layerBottom": 2,
        "layerTop": 0,
        "trackWidth": 155000,
        "trackWidthIsExplicit": true,
        "viaDiameter": 600000,
        "viaDrill": 250000,
        "viaType": 4
      },
      "type": 3,
      "uuids": []
    },
    {
      "layer": 0,
      "position": {
        "x": 142700000,
        "y": 82100000
      },
      "sizes": {
        "layerBottom": 2,
        "layerTop": 0,
        "trackWidth": 155000,
        "trackWidthIsExplicit": true,
        "viaDiameter": 600000,
        "viaDrill": 250000,
        "viaType": 4
      },
      "type": 3,
      "uuids": []
    },
    {
      "layer": 0,
      "position": {
        "x": 142700000,
        "y": 82200000
      },
      "sizes": {
        "layerBottom": 2,
        "layerTop": 0,
        "trackWidth": 155000,
        "trackWidthIsExplicit": true,
        "viaDiameter": 600000,
        "viaDrill": 250000,
        "viaType": 4
      },
      "type": 3,
      "uuids": []
    },
    {
      "layer": 0,
      "position": {
        "x": 142700000,
        "y": 82200000
      },
      "sizes": {
        "layerBottom": 2,
        "layerTop": 0,
        "trackWidth": 155000,
        "trackWidthIsExplicit": true,
        "viaDiameter": 600000,
        "viaDrill": 250000,
        "viaType": 4
      },
      "type": 3,
      "uuids": []
    },
    {
      "layer": 0,
      "position": {
        "x": 142700000,
        "y": 82200000
      },
      "sizes": {
        "layerBottom": 2,
        "layerTop": 0,
        "trackWidth": 155000,
        "trackWidthIsExplicit": true,
        "viaDiameter": 600000,
        "viaDrill": 250000,
        "viaType": 4
      },
      "type": 3,
      "uuids": []
    },
    {
      "layer": 0,
      "position": {
        "x": 142700000,
        "y": 82200000
      },
      "sizes": {
        "layerBottom": 2,
        "layerTop": 0,
        "trackWidth": 155000,
        "trackWidthIsExplicit": true,
        "viaDiameter": 600000,
        "viaDrill": 250000,
        "viaType": 4
      },
      "type": 3,
      "uuids": []
    }
  ],
  "headItems": [
    {
      "kind": "line",
      "layers": [
        3,
        3
      ],
      "net": "/{slash}PCWR"
    }
  ],
  "mode": 1,
  "removedItems": [
    "01d26cfc-1897-4bfd-b570-bd3c9af64b16",
    "0521f5ac-723d-43e6-b3af-7be387035f1a",
    "0689d961-3bec-4a9a-8dc0-bc23dab91053",
    "07567842-09a8-4f90-bc1a-51a354020faa",
    "0caa93df-1979-420c-8e29-70bdaa635fda",
    "0d9b5ff5-be61-46e1-a051-ece83f029a34",
    "0de54f1e-94eb-4149-b22e-5afc28ccdcea",
    "10a01899-4b77-449e-95bd-3272cda122c7",
    "119abfe0-be64-4328-9ca5-58c6df165eb8",
    "11cb3efd-6768-4b72-9251-8e3442528661",
    "12ce90d8-30a4-4d2b-9b69-59340421fe71",
    "1367bd17-68c6-46a8-b40b-4d7721b065ae",
    "146c927c-db85-46c1-9a13-f80f6397c180",
    "147ef8bc-7298-48eb-9ce6-b822a3627d69",
    "172279d1-105e-4dae-ad9d-64a66cf1ca9e",
    "17929b93-7fe8-4a2e-8687-a1f89b151340",
    "1b368356-5fc9-4157-90ac-28e917560352",
    "1e3c00c5-0e1a-4ff0-b31c-03a9541bb465",
    "1ff8c87d-c5ae-4fdc-9afc-5ee28eed1e5d",
    "205b0e37-8f68-4c2f-adc1-629a927ab939",
    "23e18b13-cd6d-4f6d-a28e-230fc80249c5",
    "264de656-00aa-42d7-b8be-cd8360ee9997",
    "293637dc-99d7-4b45-874a-64a29eb39e0b",
    "29684367-8a4c-427a-960b-2b403c4c6bb1",
    "2a4bf129-37c5-4272-aa9d-8450c2b922e7",
    "2ce6f68a-e8bb-4eb0-8cdf-d4ac04b26966",
    "2d34ccb9-886e-435d-ac2d-bbc7fea627ee",
    "2f45b2cc-484a-4aea-a890-afde2a655d96",
    "3034b2ad-ac84-435e-8dd6-5bc1698a76cf",
    "30914e2e-e68e-4980-b0c2-21f7df2c922a",
    "30f1e112-304f-4a25-80a3-fa74fc58eca6",
    "32db67cb-fc9e-496a-9d99-03cb150e82a6",
    "341f7389-4943-4c29-a2c5-ba02b7429b51",
    "369bad81-c189-4f53-968b-d1b0d39370d6",
    "38c6ff8b-9d09-4d4f-9e92-f835b3e4d522",
    "39703fb1-23b2-44d3-be93-99e15a5a2d67",
    "3c58d8bc-320c-4e86-a3a8-6efb1ad86792",
    "3df0403c-075d-4172-8007-3345bc2d4bd1",
    "3f23581c-ea1d-4633-a9ef-ccb1a6631572",
    "3f3d8a17-6374-4935-9496-7e87b029a8fe",
    "40af3a4b-32e8-45b2-9c4a-619d2345f91b",
    "43039354-caeb-4bed-9cca-206805930749",
    "43ec3f24-bc40-4885-acbe-51f3976f052e",
    "44ab5718-b7e0-44ed-8ad2-fde37df3da96",
    "45a8f086-e184-47d7-a4a8-416f368b5646",
    "48c554b1-b9d8-49e1-8082-d92785b93f66",
    "4db779de-9244-44a8-a5eb-1418678be92f",
    "507e764f-bd86-43f2-9b2d-14bccfbf1f7a",
    "50fa464a-bf5a-4bca-b4b8-c8cdfb7b809f",
    "51a1ad4a-11be-4d75-b242-4016cf12f30a",
    "5469f033-c162-4867-8df5-1a243244aeba",
    "56567e2c-175d-4eef-8603-c74718079a91",
    "569cad13-aa1c-4062-9143-114958a8d587",
    "56e3ef60-ce11-4ae5-8a76-21d4f97ce8e6",
    "5707c07c-38a1-4212-b04d-32432738a895",
    "57224e72-9df2-4ee3-a077-d18322913b81",
    "575e4d78-3f91-4520-b2f7-ad15354642ec",
    "58abb008-d2b3-42b0-a0de-47d8d80839d5",
    "5ac01117-0a65-4ed2-9c60-7facd9058e7a",
    "5f473130-c711-408e-b418-00ebf56fdd6c",
    "61145538-e2fa-4b75-8447-800a86555b57",
    "61738423-9f3d-42b4-89b1-3ad9dbfe9a86",
    "649ae0c7-a6ba-474c-a5a1-dc5a13495c82",
    "6573debe-d0fb-4784-98a9-0184776ad89a",
    "66ada125-0d80-4ec2-b771-7b14ea7f3fba",
    "6bdd450c-7a33-477c-8c88-64644ea4d613",
    "6d9b20ff-e1ec-46a0-ab30-5c1dd711f691",
    "7030f631-8f73-455a-9ce9-f6e392d8253f",
    "70fd09c4-c4e2-4b3f-bf25-c1c2e1d21c01",
    "7143e6d2-6791-4fdc-a3bf-d1175d4992f6",
    "71554b2c-cf85-4849-9f80-013bc81947fa",
    "75fd4940-ca9e-445f-a946-7c459f7af49d",
    "76228aa7-6ec3-4a4c-a97e-10757b44f729",
    "77dffdb3-9814-434c-b218-b3df9c3bb659",
    "7990694a-a6be-4e57-a8c0-0fb20e0ffac5",
    "7a7fbe8b-979f-4beb-829c-470f406c4ab4",
    "7d268e64-0556-4d97-98ae-d3a0c6523c9f",
    "7eea5db5-2a7b-44de-8c39-a8dee1880c12",
    "83487d5e-f717-4287-833b-58a76edd507a",
    "847827b1-a9a7-4e8a-b6d0-f44419824ad2",
    "85ba17f4-c281-44b5-b507-62166abad84d",
    "8731bc8c-69cb-464e-a82c-9ef002895dea",
    "8aa77bc0-d511-4a4f-a50c-bc25325b35b3",
    "8fb72511-7345-401a-818a-afe19d5f9a76",
    "95584858-a10d-4ee5-89a8-41435a6e0b45",
    "96b2334f-4cd6-4834-a8ce-50e9e286448c",
    "9ca4487d-e810-4ebb-855f-fbf5e9e607b1",
    "a1d0c7fc-a0c4-4251-a928-b82779611e3f",
    "a404ecdb-4332-421c-b6bf-45464f30ef80",
    "a65162d6-e060-4c35-aa65-46e1f9f1287f",
    "a7a7a170-4158-4699-83b3-654c30cee9a8",
    "a86d99d6-972e-4da6-b993-ee640d226833",
    "a8c4f036-5831-4e17-a67f-56a1a038932f",
    "a91377d9-7b62-4019-a2ed-2f12998a4a40",
    "ad10c956-3d31-4333-b8a5-18cf5eac16c0",
    "af0481cd-ca15-4b4c-81a9-96e7b663b6a2",
    "afa06c22-9e53-408a-a613-c488d812af79",
    "b06e4c06-137e-4deb-9a77-3033d3de8d0d",
    "b1afa251-7de9-4cc4-b243-d16ab5169581",
    "b2b93648-fdcc-4e5b-b3a8-88ec830133f4",
    "b3b48740-adf0-4008-bd0d-0f6cd6928b2c",
    "b5a15ec0-27f7-4f5a-895d-e11c2010146c",
    "b8637db5-3d9e-45a9-836a-7d7bb842b080",
    "bfb969d5-83ce-48dc-b0b7-bafa35a9c9a6",
    "c240c1ee-afb6-4b77-9716-ee1135640c05",
    "c2562804-d00e-4b38-95e4-105f55879786",
    "c9d514c5-a6f6-41cd-85d7-c74134f659d9",
    "cb39c84b-e51d-4239-a633-79f7d9cfd6a8",
    "cd328e11-0c5c-4053-8625-11ed8a769d24",
    "d04ecf88-7a6f-477c-9cf3-85b05fe6cde3",
    "d0908131-8c4b-49a5-97c1-10b2667a20e5",
    "d28deeb1-9a90-4d3a-a512-2f88c91f1a49",
    "d32e60ec-a0ad-4360-8a55-741ddb543593",
    "d358f4a0-81fb-4480-85e6-57a843894f04",
    "d36dfd61-2477-4bbe-8a8b-e8c5addaac82",
    "d54bbf83-3344-4938-9511-3b7af97e228d",
    "d560727a-f052-43e9-99cb-280ff2d3005d",
    "d7988f5d-662f-494c-a750-7ec4c7450dac",
    "d79ed061-06b1-46cb-975f-19e98c1888d9",
    "daa6a718-c9ef-4a5b-b414-038b96c8b1dd",
    "daeca1d0-1865-4907-9142-4f529bcc3662",
    "db792358-ae2f-4ecf-8ac0-daa70a6ea02b",
    "db9529f3-4b68-4d0c-ad60-32b0aadb5054",
    "dd204b25-1c60-4a2f-97cb-90f05e96aa02",
    "df32457b-7754-4463-9a33-78ad42381689",
    "df419a10-735d-4741-a5fa-29b018d15ec3",
    "e1df3f36-ecca-4ac5-a4e3-2d507c0706c6",
    "e21d49ca-3ff0-4225-9fe3-4efd14407ce8",
    "e6fdbf9a-6448-4ed9-bc3d-ebdd2b6f5ad8",
    "ee1bf841-ed8a-436c-a158-abbdb2af30d1",
    "ef833fcd-9b15-431a-8cd3-a11b527fa594",
    "f18d7aa7-f6c4-45a3-bf6b-858f3ddb7aaa",
    "f1b5ff4c-4b09-43a0-bc4c-a391b62be9a7",
    "f24730ee-428d-4352-80eb-3b9453b31aa8",
    "fe298c58-13c0-48a5-8e68-f522edca24f5",
    "fe8334cf-7788-4a35-8f7d-e6e5df594915",
    "fea1afde-c115-4b1d-8f44-142fb37b9345",
    "fef67265-3b27-4ee2-8849-b3ae9e98518b",
    "ff23175e-b10e-4c9d-997e-a65418dedb60"
  ]
}

