{
  "addedItems": [],
  "board_hash": "9E653D2682A834E414AE1CF044D13326",
  "events": [
    {
      "layer": 0,
      "position": {
        "x": 143300000,
        "y": 80400000
      },
      "sizes": {
        "layerBottom": 2,
        "layerTop": 0,
        "trackWidth": 155000,
        "trackWidthIsExplicit": true,
        "viaDiameter": 600000,
        "viaDrill": 250000,
        "viaType": 4
      },
      "type": 1,
      "uuids": [
        "afff6b20-0657-441b-a915-c5a90579857b"
      ]
    },
    {
      "layer": 0,
      "position": {
        "x": 143300000,
        "y": 80400000
      },
      "sizes": {
        "layerBottom": 2,
        "layerTop": 0,
        "trackWidth": 155000,
        "trackWidthIsExplicit": true,
        "viaDiameter": 600000,
        "viaDrill": 250000,
        "viaType": 4
      },
      "type": 3,
      "uuids": []
    },
    {
      "layer": 0,
      "position": {
        "x": 143300000,
        "y": 80400000
      },
      "sizes": {
        "layerBottom": 2,
        "layerTop": 0,
        "trackWidth": 155000,
        "trackWidthIsExplicit": true,
        "viaDiameter": 600000,
        "viaDrill": 250000,
        "viaType": 4
      },
      "type": 3,
      "uuids": []
    },
    {
      "layer": 0,
      "position": {
        "x": 143300000,
        "y": 80400000
      },
      "sizes": {
        "layerBottom": 2,
        "layerTop": 0,
        "trackWidth": 155000,
        "trackWidthIsExplicit": true,
        "viaDiameter": 600000,
        "viaDrill": 250000,
        "viaType": 4
      },
      "type": 3,
      "uuids": []
    },
    {
      "layer": 0,
      "position": {
        "x": 143300000,
        "y": 80400000
      },
      "sizes": {
        "layerBottom": 2,
        "layerTop": 0,
        "trackWidth": 155000,
        "trackWidthIsExplicit": true,
        "viaDiameter": 600000,
        "viaDrill": 250000,
        "viaType": 4
      },
      "type": 3,
      "uuids": []
    },
    {
      "layer": 0,
      "position": {
        "x": 143300000,
        "y": 80400000
      },
      "sizes": {
        "layerBottom": 2,
        "layerTop": 0,
        "trackWidth": 155000,
        "trackWidthIsExplicit": true,
        "viaDiameter": 600000,
        "viaDrill": 250000,
        "viaType": 4
      },
      "type": 3,
      "uuids": []
    },
    {
      "layer": 0,
      "position": {
        "x": 143300000,
        "y": 80400000
      },
      "sizes": {
        "layerBottom": 2,
        "layerTop": 0,
        "trackWidth": 155000,
        "trackWidthIsExplicit": true,
        "viaDiameter": 600000,
        "viaDrill": 250000,
        "viaType": 4
      },
      "type": 3,
      "uuids": []
    },
    {
      "layer": 0,
      "position": {
        "x": 143300000,
        "y": 80400000
      },
      "sizes": {
        "layerBottom": 2,
        "layerTop": 0,
        "trackWidth": 155000,
        "trackWidthIsExplicit": true,
        "viaDiameter": 600000,
        "viaDrill": 250000,
        "viaType": 4
      },
      "type": 3,
      "uuids": []
    },
    {
      "layer": 0,
      "position": {
        "x": 143300000,
        "y": 80400000
      },
      "sizes": {
        "layerBottom": 2,
        "layerTop": 0,
        "trackWidth": 155000,
        "trackWidthIsExplicit": true,
        "viaDiameter": 600000,
        "viaDrill": 250000,
        "viaType": 4
      },
      "type": 3,
      "uuids": []
    },
    {
      "layer": 0,
      "position": {
        "x": 143200000,
        "y": 80400000
      },
      "sizes": {
        "layerBottom": 2,
        "layerTop": 0,
        "trackWidth": 155000,
        "trackWidthIsExplicit": true,
        "viaDiameter": 600000,
        "viaDrill": 250000,
        "viaType": 4
      },
      "type": 3,
      "uuids": []
    },
    {
      "layer": 0,
      "position": {
        "x": 143200000,
        "y": 80400000
      },
      "sizes": {
        "layerBottom": 2,
        "layerTop": 0,
        "trackWidth": 155000,
        "trackWidthIsExplicit": true,
        "viaDiameter": 600000,
        "viaDrill": 250000,
        "viaType": 4
      },
      "type": 3,
      "uuids": []
    },
    {
      "layer": 0,
      "position": {
        "x": 142900000,
        "y": 80400000
      },
      "sizes": {
        "layerBottom": 2,
        "layerTop": 0,
        "trackWidth": 155000,
        "trackWidthIsExplicit": true,
        "viaDiameter": 600000,
        "viaDrill": 250000,
        "viaType": 4
      },
      "type": 3,
      "uuids": []
    },
    {
      "layer": 0,
      "position": {
        "x": 142700000,
        "y": 80400000
      },
      "sizes": {
        "layerBottom": 2,
        "layerTop": 0,
        "trackWidth": 155000,
        "trackWidthIsExplicit": true,
        "viaDiameter": 600000,
        "viaDrill": 250000,
        "viaType": 4
      },
      "type": 3,
      "uuids": []
    },
    {
      "layer": 0,
      "position": {
        "x": 142400000,
        "y": 80300000
      },
      "sizes": {
        "layerBottom": 2,
        "layerTop": 0,
        "trackWidth": 155000,
        "trackWidthIsExplicit": true,
        "viaDiameter": 600000,
        "viaDrill": 250000,
        "viaType": 4
      },
      "type": 3,
      "uuids": []
    },
    {
      "layer": 0,
      "position": {
        "x": 142300000,
        "y": 80300000
      },
      "sizes": {
        "layerBottom": 2,
        "layerTop": 0,
        "trackWidth": 155000,
        "trackWidthIsExplicit": true,
        "viaDiameter": 600000,
        "viaDrill": 250000,
        "viaType": 4
      },
      "type": 3,
      "uuids": []
    },
    {
      "layer": 0,
      "position": {
        "x": 141900000,
        "y": 80200000
      },
      "sizes": {
        "layerBottom": 2,
        "layerTop": 0,
        "trackWidth": 155000,
        "trackWidthIsExplicit": true,
        "viaDiameter": 600000,
        "viaDrill": 250000,
        "viaType": 4
      },
      "type": 3,
      "uuids": []
    },
    {
      "layer": 0,
      "position": {
        "x": 141700000,
        "y": 80100000
      },
      "sizes": {
        "layerBottom": 2,
        "layerTop": 0,
        "trackWidth": 155000,
        "trackWidthIsExplicit": true,
        "viaDiameter": 600000,
        "viaDrill": 250000,
        "viaType": 4
      },
      "type": 3,
      "uuids": []
    },
    {
      "layer": 0,
      "position": {
        "x": 141600000,
        "y": 79900000
      },
      "sizes": {
        "layerBottom": 2,
        "layerTop": 0,
        "trackWidth": 155000,
        "trackWidthIsExplicit": true,
        "viaDiameter": 600000,
        "viaDrill": 250000,
        "viaType": 4
      },
      "type": 3,
      "uuids": []
    },
    {
      "layer": 0,
      "position": {
        "x": 141600000,
        "y": 79800000
      },
      "sizes": {
        "layerBottom": 2,
        "layerTop": 0,
        "trackWidth": 155000,
        "trackWidthIsExplicit": true,
        "viaDiameter": 600000,
        "viaDrill": 250000,
        "viaType": 4
      },
      "type": 3,
      "uuids": []
    },
    {
      "layer": 0,
      "position": {
        "x": 141600000,
        "y": 79800000
      },
      "sizes": {
        "layerBottom": 2,
        "layerTop": 0,
        "trackWidth": 155000,
        "trackWidthIsExplicit": true,
        "viaDiameter": 600000,
        "viaDrill": 250000,
        "viaType": 4
      },
      "type": 3,
      "uuids": []
    },
    {
      "layer": 0,
      "position": {
        "x": 141800000,
        "y": 79700000
      },
      "sizes": {
        "layerBottom": 2,
        "layerTop": 0,
        "trackWidth": 155000,
        "trackWidthIsExplicit": true,
        "viaDiameter": 600000,
        "viaDrill": 250000,
        "viaType": 4
      },
      "type": 3,
      "uuids": []
    },
    {
      "layer": 0,
      "position": {
        "x": 142200000,
        "y": 79700000
      },
      "sizes": {
        "layerBottom": 2,
        "layerTop": 0,
        "trackWidth": 155000,
        "trackWidthIsExplicit": true,
        "viaDiameter": 600000,
        "viaDrill": 250000,
        "viaType": 4
      },
      "type": 3,
      "uuids": []
    },
    {
      "layer": 0,
      "position": {
        "x": 142300000,
        "y": 79700000
      },
      "sizes": {
        "layerBottom": 2,
        "layerTop": 0,
        "trackWidth": 155000,
        "trackWidthIsExplicit": true,
        "viaDiameter": 600000,
        "viaDrill": 250000,
        "viaType": 4
      },
      "type": 3,
      "uuids": []
    },
    {
      "layer": 0,
      "position": {
        "x": 142600000,
        "y": 79800000
      },
      "sizes": {
        "layerBottom": 2,
        "layerTop": 0,
        "trackWidth": 155000,
        "trackWidthIsExplicit": true,
        "viaDiameter": 600000,
        "viaDrill": 250000,
        "viaType": 4
      },
      "type": 3,
      "uuids": []
    },
    {
      "layer": 0,
      "position": {
        "x": 142600000,
        "y": 79800000
      },
      "sizes": {
        "layerBottom": 2,
        "layerTop": 0,
        "trackWidth": 155000,
        "trackWidthIsExplicit": true,
        "viaDiameter": 600000,
        "viaDrill": 250000,
        "viaType": 4
      },
      "type": 3,
      "uuids": []
    },
    {
      "layer": 0,
      "position": {
        "x": 142600000,
        "y": 79900000
      },
      "sizes": {
        "layerBottom": 2,
        "layerTop": 0,
        "trackWidth": 155000,
        "trackWidthIsExplicit": true,
        "viaDiameter": 600000,
        "viaDrill": 250000,
        "viaType": 4
      },
      "type": 3,
      "uuids": []
    },
    {
      "layer": 0,
      "position": {
        "x": 142600000,
        "y": 79900000
      },
      "sizes": {
        "layerBottom": 2,
        "layerTop": 0,
        "trackWidth": 155000,
        "trackWidthIsExplicit": true,
        "viaDiameter": 600000,
        "viaDrill": 250000,
        "viaType": 4
      },
      "type": 3,
      "uuids": []
    },
    {
      "layer": 0,
      "position": {
        "x": 142400000,
        "y": 80100000
      },
      "sizes": {
        "layerBottom": 2,
        "layerTop": 0,
        "trackWidth": 155000,
        "trackWidthIsExplicit": true,
        "viaDiameter": 600000,
        "viaDrill": 250000,
        "viaType": 4
      },
      "type": 3,
      "uuids": []
    },
    {
      "layer": 0,
      "position": {
        "x": 142400000,
        "y": 80100000
      },
      "sizes": {
        "layerBottom": 2,
        "layerTop": 0,
        "trackWidth": 155000,
        "trackWidthIsExplicit": true,
        "viaDiameter": 600000,
        "viaDrill": 250000,
        "viaType": 4
      },
      "type": 3,
      "uuids": []
    },
    {
      "layer": 0,
      "position": {
        "x": 142100000,
        "y": 80200000
      },
      "sizes": {
        "layerBottom": 2,
        "layerTop": 0,
        "trackWidth": 155000,
        "trackWidthIsExplicit": true,
        "viaDiameter": 600000,
        "viaDrill": 250000,
        "viaType": 4
      },
      "type": 3,
      "uuids": []
    },
    {
      "layer": 0,
      "position": {
        "x": 142000000,
        "y": 80200000
      },
      "sizes": {
        "layerBottom": 2,
        "layerTop": 0,
        "trackWidth": 155000,
        "trackWidthIsExplicit": true,
        "viaDiameter": 600000,
        "viaDrill": 250000,
        "viaType": 4
      },
      "type": 3,
      "uuids": []
    },
    {
      "layer": 0,
      "position": {
        "x": 142000000,
        "y": 80200000
      },
      "sizes": {
        "layerBottom": 2,
        "layerTop": 0,
        "trackWidth": 155000,
        "trackWidthIsExplicit": true,
        "viaDiameter": 600000,
        "viaDrill": 250000,
        "viaType": 4
      },
      "type": 3,
      "uuids": []
    },
    {
      "layer": 0,
      "position": {
        "x": 141900000,
        "y": 80200000
      },
      "sizes": {
        "layerBottom": 2,
        "layerTop": 0,
        "trackWidth": 155000,
        "trackWidthIsExplicit": true,
        "viaDiameter": 600000,
        "viaDrill": 250000,
        "viaType": 4
      },
      "type": 3,
      "uuids": []
    },
    {
      "layer": 0,
      "position": {
        "x": 141900000,
        "y": 80200000
      },
      "sizes": {
        "layerBottom": 2,
        "layerTop": 0,
        "trackWidth": 155000,
        "trackWidthIsExplicit": true,
        "viaDiameter": 600000,
        "viaDrill": 250000,
        "viaType": 4
      },
      "type": 3,
      "uuids": []
    },
    {
      "layer": 0,
      "position": {
        "x": 141900000,
        "y": 80100000
      },
      "sizes": {
        "layerBottom": 2,
        "layerTop": 0,
        "trackWidth": 155000,
        "trackWidthIsExplicit": true,
        "viaDiameter": 600000,
        "viaDrill": 250000,
        "viaType": 4
      },
      "type": 3,
      "uuids": []
    },
    {
      "layer": 0,
      "position": {
        "x": 142000000,
        "y": 80000000
      },
      "sizes": {
        "layerBottom": 2,
        "layerTop": 0,
        "trackWidth": 155000,
        "trackWidthIsExplicit": true,
        "viaDiameter": 600000,
        "viaDrill": 250000,
        "viaType": 4
      },
      "type": 3,
      "uuids": []
    },
    {
      "layer": 0,
      "position": {
        "x": 142100000,
        "y": 80000000
      },
      "sizes": {
        "layerBottom": 2,
        "layerTop": 0,
        "trackWidth": 155000,
        "trackWidthIsExplicit": true,
        "viaDiameter": 600000,
        "viaDrill": 250000,
        "viaType": 4
      },
      "type": 3,
      "uuids": []
    },
    {
      "layer": 0,
      "position": {
        "x": 142200000,
        "y": 79900000
      },
      "sizes": {
        "layerBottom": 2,
        "layerTop": 0,
        "trackWidth": 155000,
        "trackWidthIsExplicit": true,
        "viaDiameter": 600000,
        "viaDrill": 250000,
        "viaType": 4
      },
      "type": 3,
      "uuids": []
    },
    {
      "layer": 0,
      "position": {
        "x": 142300000,
        "y": 79900000
      },
      "sizes": {
        "layerBottom": 2,
        "layerTop": 0,
        "trackWidth": 155000,
        "trackWidthIsExplicit": true,
        "viaDiameter": 600000,
        "viaDrill": 250000,
        "viaType": 4
      },
      "type": 3,
      "uuids": []
    },
    {
      "layer": 0,
      "position": {
        "x": 142500000,
        "y": 79900000
      },
      "sizes": {
        "layerBottom": 2,
        "layerTop": 0,
        "trackWidth": 155000,
        "trackWidthIsExplicit": true,
        "viaDiameter": 600000,
        "viaDrill": 250000,
        "viaType": 4
      },
      "type": 3,
      "uuids": []
    },
    {
      "layer": 0,
      "position": {
        "x": 142500000,
        "y": 79900000
      },
      "sizes": {
        "layerBottom": 2,
        "layerTop": 0,
        "trackWidth": 155000,
        "trackWidthIsExplicit": true,
        "viaDiameter": 600000,
        "viaDrill": 250000,
        "viaType": 4
      },
      "type": 3,
      "uuids": []
    },
    {
      "layer": 0,
      "position": {
        "x": 142500000,
        "y": 79900000
      },
      "sizes": {
        "layerBottom": 2,
        "layerTop": 0,
        "trackWidth": 155000,
        "trackWidthIsExplicit": true,
        "viaDiameter": 600000,
        "viaDrill": 250000,
        "viaType": 4
      },
      "type": 3,
      "uuids": []
    },
    {
      "layer": 0,
      "position": {
        "x": 142500000,
        "y": 79900000
      },
      "sizes": {
        "layerBottom": 2,
        "layerTop": 0,
        "trackWidth": 155000,
        "trackWidthIsExplicit": true,
        "viaDiameter": 600000,
        "viaDrill": 250000,
        "viaType": 4
      },
      "type": 3,
      "uuids": []
    },
    {
      "layer": 0,
      "position": {
        "x": 142500000,
        "y": 79900000
      },
      "sizes": {
        "layerBottom": 2,
        "layerTop": 0,
        "trackWidth": 155000,
        "trackWidthIsExplicit": true,
        "viaDiameter": 600000,
        "viaDrill": 250000,
        "viaType": 4
      },
      "type": 3,
      "uuids": []
    },
    {
      "layer": 0,
      "position": {
        "x": 142400000,
        "y": 79900000
      },
      "sizes": {
        "layerBottom": 2,
        "layerTop": 0,
        "trackWidth": 155000,
        "trackWidthIsExplicit": true,
        "viaDiameter": 600000,
        "viaDrill": 250000,
        "viaType": 4
      },
      "type": 3,
      "uuids": []
    },
    {
      "layer": 0,
      "position": {
        "x": 142300000,
        "y": 80000000
      },
      "sizes": {
        "layerBottom": 2,
        "layerTop": 0,
        "trackWidth": 155000,
        "trackWidthIsExplicit": true,
        "viaDiameter": 600000,
        "viaDrill": 250000,
        "viaType": 4
      },
      "type": 3,
      "uuids": []
    },
    {
      "layer": 0,
      "position": {
        "x": 142200000,
        "y": 80100000
      },
      "sizes": {
        "layerBottom": 2,
        "layerTop": 0,
        "trackWidth": 155000,
        "trackWidthIsExplicit": true,
        "viaDiameter": 600000,
        "viaDrill": 250000,
        "viaType": 4
      },
      "type": 3,
      "uuids": []
    },
    {
      "layer": 0,
      "position": {
        "x": 142100000,
        "y": 80100000
      },
      "sizes": {
        "layerBottom": 2,
        "layerTop": 0,
        "trackWidth": 155000,
        "trackWidthIsExplicit": true,
        "viaDiameter": 600000,
        "viaDrill": 250000,
        "viaType": 4
      },
      "type": 3,
      "uuids": []
    },
    {
      "layer": 0,
      "position": {
        "x": 142100000,
        "y": 80100000
      },
      "sizes": {
        "layerBottom": 2,
        "layerTop": 0,
        "trackWidth": 155000,
        "trackWidthIsExplicit": true,
        "viaDiameter": 600000,
        "viaDrill": 250000,
        "viaType": 4
      },
      "type": 3,
      "uuids": []
    },
    {
      "layer": 0,
      "position": {
        "x": 142000000,
        "y": 80100000
      },
      "sizes": {
        "layerBottom": 2,
        "layerTop": 0,
        "trackWidth": 155000,
        "trackWidthIsExplicit": true,
        "viaDiameter": 600000,
        "viaDrill": 250000,
        "viaType": 4
      },
      "type": 3,
      "uuids": []
    },
    {
      "layer": 0,
      "position": {
        "x": 142000000,
        "y": 80100000
      },
      "sizes": {
        "layerBottom": 2,
        "layerTop": 0,
        "trackWidth": 155000,
        "trackWidthIsExplicit": true,
        "viaDiameter": 600000,
        "viaDrill": 250000,
        "viaType": 4
      },
      "type": 3,
      "uuids": []
    },
    {
      "layer": 0,
      "position": {
        "x": 142000000,
        "y": 80100000
      },
      "sizes": {
        "layerBottom": 2,
        "layerTop": 0,
        "trackWidth": 155000,
        "trackWidthIsExplicit": true,
        "viaDiameter": 600000,
        "viaDrill": 250000,
        "viaType": 4
      },
      "type": 3,
      "uuids": []
    },
    {
      "layer": 0,
      "position": {
        "x": 142000000,
        "y": 80100000
      },
      "sizes": {
        "layerBottom": 2,
        "layerTop": 0,
        "trackWidth": 155000,
        "trackWidthIsExplicit": true,
        "viaDiameter": 600000,
        "viaDrill": 250000,
        "viaType": 4
      },
      "type": 3,
      "uuids": []
    },
    {
      "layer": 0,
      "position": {
        "x": 142000000,
        "y": 80000000
      },
      "sizes": {
        "layerBottom": 2,
        "layerTop": 0,
        "trackWidth": 155000,
        "trackWidthIsExplicit": true,
        "viaDiameter": 600000,
        "viaDrill": 250000,
        "viaType": 4
      },
      "type": 3,
      "uuids": []
    },
    {
      "layer": 0,
      "position": {
        "x": 142200000,
        "y": 80000000
      },
      "sizes": {
        "layerBottom": 2,
        "layerTop": 0,
        "trackWidth": 155000,
        "trackWidthIsExplicit": true,
        "viaDiameter": 600000,
        "viaDrill": 250000,
        "viaType": 4
      },
      "type": 3,
      "uuids": []
    },
    {
      "layer": 0,
      "position": {
        "x": 142200000,
        "y": 79900000
      },
      "sizes": {
        "layerBottom": 2,
        "layerTop": 0,
        "trackWidth": 155000,
        "trackWidthIsExplicit": true,
        "viaDiameter": 600000,
        "viaDrill": 250000,
        "viaType": 4
      },
      "type": 3,
      "uuids": []
    },
    {
      "layer": 0,
      "position": {
        "x": 142400000,
        "y": 79900000
      },
      "sizes": {
        "layerBottom": 2,
        "layerTop": 0,
        "trackWidth": 155000,
        "trackWidthIsExplicit": true,
        "viaDiameter": 600000,
        "viaDrill": 250000,
        "viaType": 4
      },
      "type": 3,
      "uuids": []
    },
    {
      "layer": 0,
      "position": {
        "x": 142400000,
        "y": 79900000
      },
      "sizes": {
        "layerBottom": 2,
        "layerTop": 0,
        "trackWidth": 155000,
        "trackWidthIsExplicit": true,
        "viaDiameter": 600000,
        "viaDrill": 250000,
        "viaType": 4
      },
      "type": 3,
      "uuids": []
    },
    {
      "layer": 0,
      "position": {
        "x": 142400000,
        "y": 80000000
      },
      "sizes": {
        "layerBottom": 2,
        "layerTop": 0,
        "trackWidth": 155000,
        "trackWidthIsExplicit": true,
        "viaDiameter": 600000,
        "viaDrill": 250000,
        "viaType": 4
      },
      "type": 3,
      "uuids": []
    },
    {
      "layer": 0,
      "position": {
        "x": 142400000,
        "y": 80000000
      },
      "sizes": {
        "layerBottom": 2,
        "layerTop": 0,
        "trackWidth": 155000,
        "trackWidthIsExplicit": true,
        "viaDiameter": 600000,
        "viaDrill": 250000,
        "viaType": 4
      },
      "type": 3,
      "uuids": []
    },
    {
      "layer": 0,
      "position": {
        "x": 142400000,
        "y": 80000000
      },
      "sizes": {
        "layerBottom": 2,
        "layerTop": 0,
        "trackWidth": 155000,
        "trackWidthIsExplicit": true,
        "viaDiameter": 600000,
        "viaDrill": 250000,
        "viaType": 4
      },
      "type": 3,
      "uuids": []
    },
    {
      "layer": 0,
      "position": {
        "x": 142400000,
        "y": 80000000
      },
      "sizes": {
        "layerBottom": 2,
        "layerTop": 0,
        "trackWidth": 155000,
        "trackWidthIsExplicit": true,
        "viaDiameter": 600000,
        "viaDrill": 250000,
        "viaType": 4
      },
      "type": 3,
      "uuids": []
    },
    {
      "layer": 0,
      "position": {
        "x": 142400000,
        "y": 80000000
      },
      "sizes": {
        "layerBottom": 2,
        "layerTop": 0,
        "trackWidth": 155000,
        "trackWidthIsExplicit": true,
        "viaDiameter": 600000,
        "viaDrill": 250000,
        "viaType": 4
      },
      "type": 3,
      "uuids": []
    },
    {
      "layer": 0,
      "position": {
        "x": 142300000,
        "y": 80100000
      },
      "sizes": {
        "layerBottom": 2,
        "layerTop": 0,
        "trackWidth": 155000,
        "trackWidthIsExplicit": true,
        "viaDiameter": 600000,
        "viaDrill": 250000,
        "viaType": 4
      },
      "type": 3,
      "uuids": []
    },
    {
      "layer": 0,
      "position": {
        "x": 142100000,
        "y": 80100000
      },
      "sizes": {
        "layerBottom": 2,
        "layerTop": 0,
        "trackWidth": 155000,
        "trackWidthIsExplicit": true,
        "viaDiameter": 600000,
        "viaDrill": 250000,
        "viaType": 4
      },
      "type": 3,
      "uuids": []
    },
    {
      "layer": 0,
      "position": {
        "x": 142100000,
        "y": 80100000
      },
      "sizes": {
        "layerBottom": 2,
        "layerTop": 0,
        "trackWidth": 155000,
        "trackWidthIsExplicit": true,
        "viaDiameter": 600000,
        "viaDrill": 250000,
        "viaType": 4
      },
      "type": 3,
      "uuids": []
    },
    {
      "layer": 0,
      "position": {
        "x": 142000000,
        "y": 80100000
      },
      "sizes": {
        "layerBottom": 2,
        "layerTop": 0,
        "trackWidth": 155000,
        "trackWidthIsExplicit": true,
        "viaDiameter": 600000,
        "viaDrill": 250000,
        "viaType": 4
      },
      "type": 3,
      "uuids": []
    },
    {
      "layer": 0,
      "position": {
        "x": 142000000,
        "y": 80100000
      },
      "sizes": {
        "layerBottom": 2,
        "layerTop": 0,
        "trackWidth": 155000,
        "trackWidthIsExplicit": true,
        "viaDiameter": 600000,
        "viaDrill": 250000,
        "viaType": 4
      },
      "type": 3,
      "uuids": []
    },
    {
      "layer": 0,
      "position": {
        "x": 142000000,
        "y": 80100000
      },
      "sizes": {
        "layerBottom": 2,
        "layerTop": 0,
        "trackWidth": 155000,
        "trackWidthIsExplicit": true,
        "viaDiameter": 600000,
        "viaDrill": 250000,
        "viaType": 4
      },
      "type": 3,
      "uuids": []
    },
    {
      "layer": 0,
      "position": {
        "x": 142000000,
        "y": 80100000
      },
      "sizes": {
        "layerBottom": 2,
        "layerTop": 0,
        "trackWidth": 155000,
        "trackWidthIsExplicit": true,
        "viaDiameter": 600000,
        "viaDrill": 250000,
        "viaType": 4
      },
      "type": 3,
      "uuids": []
    },
    {
      "layer": 0,
      "position": {
        "x": 142000000,
        "y": 80100000
      },
      "sizes": {
        "layerBottom": 2,
        "layerTop": 0,
        "trackWidth": 155000,
        "trackWidthIsExplicit": true,
        "viaDiameter": 600000,
        "viaDrill": 250000,
        "viaType": 4
      },
      "type": 3,
      "uuids": []
    },
    {
      "layer": 0,
      "position": {
        "x": 142000000,
        "y": 80000000
      },
      "sizes": {
        "layerBottom": 2,
        "layerTop": 0,
        "trackWidth": 155000,
        "trackWidthIsExplicit": true,
        "viaDiameter": 600000,
        "viaDrill": 250000,
        "viaType": 4
      },
      "type": 3,
      "uuids": []
    },
    {
      "layer": 0,
      "position": {
        "x": 142100000,
        "y": 80000000
      },
      "sizes": {
        "layerBottom": 2,
        "layerTop": 0,
        "trackWidth": 155000,
        "trackWidthIsExplicit": true,
        "viaDiameter": 600000,
        "viaDrill": 250000,
        "viaType": 4
      },
      "type": 3,
      "uuids": []
    },
    {
      "layer": 0,
      "position": {
        "x": 142100000,
        "y": 80000000
      },
      "sizes": {
        "layerBottom": 2,
        "layerTop": 0,
        "trackWidth": 155000,
        "trackWidthIsExplicit": true,
        "viaDiameter": 600000,
        "viaDrill": 250000,
        "viaType": 4
      },
      "type": 3,
      "uuids": []
    },
    {
      "layer": 0,
      "position": {
        "x": 142200000,
        "y": 80000000
      },
      "sizes": {
        "layerBottom": 2,
        "layerTop": 0,
        "trackWidth": 155000,
        "trackWidthIsExplicit": true,
        "viaDiameter": 600000,
        "viaDrill": 250000,
        "viaType": 4
      },
      "type": 3,
      "uuids": []
    },
    {
      "layer": 0,
      "position": {
        "x": 142200000,
        "y": 80000000
      },
      "sizes": {
        "layerBottom": 2,
        "layerTop": 0,
        "trackWidth": 155000,
        "trackWidthIsExplicit": true,
        "viaDiameter": 600000,
        "viaDrill": 250000,
        "viaType": 4
      },
      "type": 3,
      "uuids": []
    },
    {
      "layer": 0,
      "position": {
        "x": 142300000,
        "y": 80000000
      },
      "sizes": {
        "layerBottom": 2,
        "layerTop": 0,
        "trackWidth": 155000,
        "trackWidthIsExplicit": true,
        "viaDiameter": 600000,
        "viaDrill": 250000,
        "viaType": 4
      },
      "type": 3,
      "uuids": []
    },
    {
      "layer": 0,
      "position": {
        "x": 142400000,
        "y": 80000000
      },
      "sizes": {
        "layerBottom": 2,
        "layerTop": 0,
        "trackWidth": 155000,
        "trackWidthIsExplicit": true,
        "viaDiameter": 600000,
        "viaDrill": 250000,
        "viaType": 4
      },
      "type": 3,
      "uuids": []
    },
    {
      "layer": 0,
      "position": {
        "x": 142400000,
        "y": 80000000
      },
      "sizes": {
        "layerBottom": 2,
        "layerTop": 0,
        "trackWidth": 155000,
        "trackWidthIsExplicit": true,
        "viaDiameter": 600000,
        "viaDrill": 250000,
        "viaType": 4
      },
      "type": 3,
      "uuids": []
    },
    {
      "layer": 0,
      "position": {
        "x": 142500000,
        "y": 80000000
      },
      "sizes": {
        "layerBottom": 2,
        "layerTop": 0,
        "trackWidth": 155000,
        "trackWidthIsExplicit": true,
        "viaDiameter": 600000,
        "viaDrill": 250000,
        "viaType": 4
      },
      "type": 3,
      "uuids": []
    },
    {
      "layer": 0,
      "position": {
        "x": 142500000,
        "y": 80000000
      },
      "sizes": {
        "layerBottom": 2,
        "layerTop": 0,
        "trackWidth": 155000,
        "trackWidthIsExplicit": true,
        "viaDiameter": 600000,
        "viaDrill": 250000,
        "viaType": 4
      },
      "type": 3,
      "uuids": []
    },
    {
      "layer": 0,
      "position": {
        "x": 142500000,
        "y": 80000000
      },
      "sizes": {
        "layerBottom": 2,
        "layerTop": 0,
        "trackWidth": 155000,
        "trackWidthIsExplicit": true,
        "viaDiameter": 600000,
        "viaDrill": 250000,
        "viaType": 4
      },
      "type": 3,
      "uuids": []
    },
    {
      "layer": 0,
      "position": {
        "x": 142500000,
        "y": 80000000
      },
      "sizes": {
        "layerBottom": 2,
        "layerTop": 0,
        "trackWidth": 155000,
        "trackWidthIsExplicit": true,
        "viaDiameter": 600000,
        "viaDrill": 250000,
        "viaType": 4
      },
      "type": 3,
      "uuids": []
    },
    {
      "layer": 0,
      "position": {
        "x": 142500000,
        "y": 80000000
      },
      "sizes": {
        "layerBottom": 2,
        "layerTop": 0,
        "trackWidth": 155000,
        "trackWidthIsExplicit": true,
        "viaDiameter": 600000,
        "viaDrill": 250000,
        "viaType": 4
      },
      "type": 3,
      "uuids": []
    },
    {
      "layer": 0,
      "position": {
        "x": 142500000,
        "y": 80000000
      },
      "sizes": {
        "layerBottom": 2,
        "layerTop": 0,
        "trackWidth": 155000,
        "trackWidthIsExplicit": true,
        "viaDiameter": 600000,
        "viaDrill": 250000,
        "viaType": 4
      },
      "type": 3,
      "uuids": []
    },
    {
      "layer": 0,
      "position": {
        "x": 142500000,
        "y": 80000000
      },
      "sizes": {
        "layerBottom": 2,
        "layerTop": 0,
        "trackWidth": 155000,
        "trackWidthIsExplicit": true,
        "viaDiameter": 600000,
        "viaDrill": 250000,
        "viaType": 4
      },
      "type": 3,
      "uuids": []
    },
    {
      "layer": 0,
      "position": {
        "x": 142500000,
        "y": 80000000
      },
      "sizes": {
        "layerBottom": 2,
        "layerTop": 0,
        "trackWidth": 155000,
        "trackWidthIsExplicit": true,
        "viaDiameter": 600000,
        "viaDrill": 250000,
        "viaType": 4
      },
      "type": 3,
      "uuids": []
    },
    {
      "layer": 0,
      "position": {
        "x": 142400000,
        "y": 80000000
      },
      "sizes": {
        "layerBottom": 2,
        "layerTop": 0,
        "trackWidth": 155000,
        "trackWidthIsExplicit": true,
        "viaDiameter": 600000,
        "viaDrill": 250000,
        "viaType": 4
      },
      "type": 3,
      "uuids": []
    },
    {
      "layer": 0,
      "position": {
        "x": 142400000,
        "y": 80000000
      },
      "sizes": {
        "layerBottom": 2,
        "layerTop": 0,
        "trackWidth": 155000,
        "trackWidthIsExplicit": true,
        "viaDiameter": 600000,
        "viaDrill": 250000,
        "viaType": 4
      },
      "type": 3,
      "uuids": []
    },
    {
      "layer": 0,
      "position": {
        "x": 142400000,
        "y": 80000000
      },
      "sizes": {
        "layerBottom": 2,
        "layerTop": 0,
        "trackWidth": 155000,
        "trackWidthIsExplicit": true,
        "viaDiameter": 600000,
        "viaDrill": 250000,
        "viaType": 4
      },
      "type": 3,
      "uuids": []
    },
    {
      "layer": 0,
      "position": {
        "x": 142400000,
        "y": 80000000
      },
      "sizes": {
        "layerBottom": 2,
        "layerTop": 0,
        "trackWidth": 155000,
        "trackWidthIsExplicit": true,
        "viaDiameter": 600000,
        "viaDrill": 250000,
        "viaType": 4
      },
      "type": 3,
      "uuids": []
    },
    {
      "layer": 0,
      "position": {
        "x": 142400000,
        "y": 80000000
      },
      "sizes": {
        "layerBottom": 2,
        "layerTop": 0,
        "trackWidth": 155000,
        "trackWidthIsExplicit": true,
        "viaDiameter": 600000,
        "viaDrill": 250000,
        "viaType": 4
      },
      "type": 3,
      "uuids": []
    },
    {
      "layer": 0,
      "position": {
        "x": 142400000,
        "y": 80000000
      },
      "sizes": {
        "layerBottom": 2,
        "layerTop": 0,
        "trackWidth": 155000,
        "trackWidthIsExplicit": true,
        "viaDiameter": 600000,
        "viaDrill": 250000,
        "viaType": 4
      },
      "type": 3,
      "uuids": []
    },
    {
      "layer": 0,
      "position": {
        "x": 142500000,
        "y": 80000000
      },
      "sizes": {
        "layerBottom": 2,
        "layerTop": 0,
        "trackWidth": 155000,
        "trackWidthIsExplicit": true,
        "viaDiameter": 600000,
        "viaDrill": 250000,
        "viaType": 4
      },
      "type": 3,
      "uuids": []
    },
    {
      "layer": 0,
      "position": {
        "x": 142500000,
        "y": 80000000
      },
      "sizes": {
        "layerBottom": 2,
        "layerTop": 0,
        "trackWidth": 155000,
        "trackWidthIsExplicit": true,
        "viaDiameter": 600000,
        "viaDrill": 250000,
        "viaType": 4
      },
      "type": 3,
      "uuids": []
    },
    {
      "layer": 0,
      "position": {
        "x": 142500000,
        "y": 80000000
      },
      "sizes": {
        "layerBottom": 2,
        "layerTop": 0,
        "trackWidth": 155000,
        "trackWidthIsExplicit": true,
        "viaDiameter": 600000,
        "viaDrill": 250000,
        "viaType": 4
      },
      "type": 3,
      "uuids": []
    },
    {
      "layer": 0,
      "position": {
        "x": 142500000,
        "y": 80000000
      },
      "sizes": {
        "layerBottom": 2,
        "layerTop": 0,
        "trackWidth": 155000,
        "trackWidthIsExplicit": true,
        "viaDiameter": 600000,
        "viaDrill": 250000,
        "viaType": 4
      },
      "type": 3,
      "uuids": []
    },
    {
      "layer": 0,
      "position": {
        "x": 142400000,
        "y": 80000000
      },
      "sizes": {
        "layerBottom": 2,
        "layerTop": 0,
        "trackWidth": 155000,
        "trackWidthIsExplicit": true,
        "viaDiameter": 600000,
        "viaDrill": 250000,
        "viaType": 4
      },
      "type": 3,
      "uuids": []
    },
    {
      "layer": 0,
      "position": {
        "x": 142400000,
        "y": 80000000
      },
      "sizes": {
        "layerBottom": 2,
        "layerTop": 0,
        "trackWidth": 155000,
        "trackWidthIsExplicit": true,
        "viaDiameter": 600000,
        "viaDrill": 250000,
        "viaType": 4
      },
      "type": 3,
      "uuids": []
    },
    {
      "layer": 0,
      "position": {
        "x": 142400000,
        "y": 80000000
      },
      "sizes": {
        "layerBottom": 2,
        "layerTop": 0,
        "trackWidth": 155000,
        "trackWidthIsExplicit": true,
        "viaDiameter": 600000,
        "viaDrill": 250000,
        "viaType": 4
      },
      "type": 3,
      "uuids": []
    },
    {
      "layer": 0,
      "position": {
        "x": 142400000,
        "y": 80000000
      },
      "sizes": {
        "layerBottom": 2,
        "layerTop": 0,
        "trackWidth": 155000,
        "trackWidthIsExplicit": true,
        "viaDiameter": 600000,
        "viaDrill": 250000,
        "viaType": 4
      },
      "type": 3,
      "uuids": []
    },
    {
      "layer": 0,
      "position": {
        "x": 142400000,
        "y": 80000000
      },
      "sizes": {
        "layerBottom": 2,
        "layerTop": 0,
        "trackWidth": 155000,
        "trackWidthIsExplicit": true,
        "viaDiameter": 600000,
        "viaDrill": 250000,
        "viaType": 4
      },
      "type": 3,
      "uuids": []
    },
    {
      "layer": 0,
      "position": {
        "x": 142400000,
        "y": 80000000
      },
      "sizes": {
        "layerBottom": 2,
        "layerTop": 0,
        "trackWidth": 155000,
        "trackWidthIsExplicit": true,
        "viaDiameter": 600000,
        "viaDrill": 250000,
        "viaType": 4
      },
      "type": 3,
      "uuids": []
    }
  ],
  "headItems": [],
  "mode": 1,
  "removedItems": []
}

